C51 COMPILER V9.53.0.0   NRF24L01_RECEIVER                                                 07/29/2016 19:21:38 PAGE 1   


C51 COMPILER V9.53.0.0, COMPILATION OF MODULE NRF24L01_RECEIVER
OBJECT MODULE PLACED IN NRF24L01_Receiver.obj
COMPILER INVOKED BY: C:\Keil_MDK\C51\BIN\C51.EXE NRF24L01__Receiver\NRF24L01_Receiver.c LARGE OPTIMIZE(8,SPEED) BROWSE I
                    -NCDIR(.\delay;.\uart;.\NRF24L01__Receiver;.\LED16_64;.\WifiESP8266;.\PCF8563;.\DS18B20) DEBUG OBJECTEXTEND PRINT(.\NRF24
                    -L01_Receiver.lst) TABS(2) OBJECT(NRF24L01_Receiver.obj)

line level    source

   1          /*
   2          ʱ䣺2015/11/29
   3          ܣʵַݹ,
   4          ߣ
   5          */
   6          #include "AllFunc.h"
   7          #include "NRF24L01_Receiver.h"
   8          
   9          
  10          sbit CE   = P1^0;  //RX/TXģʽѡ
  11          sbit SCK  = P1^1; //SPIʱӶ
  12          sbit MISO = P1^2; //SPIӻ
  13          sbit CSN  = P1^3; //SPIƬѡ//SS͵ƽЧ
  14          sbit MOSI = P1^4; //SPIӻ
  15          sbit IRQ  = P1^5; //ж϶ˣ͵ƽʹ
  16          
  17          
  18          unsigned char  code TxAddr[]={0x34,0x43,0x10,0x10,0x01};//͵ַ
  19          unsigned char  code RxAddr[]={0x34,0x43,0x10,0x10,0x01};//յַֺͷ͵ַͬ
  20          
  21          /*״̬Ĵ4 5 6λֲP17*/
  22          unsigned char bdata sta;   //״̬־bdataһλݣstaÿһλв൱IO
  23          sbit RX_DR=sta^6;//жϣյЧݺһд1ж
  24          sbit TX_DS=sta^5;//жϣԶʽ£ֻеյӦźԺλΪ1д1ж
  25          sbit MAX_RT=sta^4;//ﵽطжϣжϲҪϵͳܽͨѶ
  26          
  27          
  28          //NRF24L01ĳʼʹʼʱڴģʽ1״̬
  29          void NRF24L01_Init()
  30          {
  31   1          delay_ms(50);
  32   1          CE = 0;//Ϊģʽδʼ
  33   1          CSN = 1;//δʹģ
  34   1          SCK = 0;//ʱ
  35   1          IRQ = 1;//жλ
  36   1      }
  37          
  38          /*ģNRF24L01*/
  39          //ʹSPI߽еݽMOSIзλMISOзŴӻ뵽λ
  40          unsigned char SPI_ExchangeData(unsigned char bufdata)
  41          {
  42   1          unsigned char i = 0;
  43   1          //SCK = 0;             //ȰSCKΪ0һ
  44   1          for(i = 0;i < 8;i ++)//Ӹλʼ䣡
  45   1          {
  46   2              //жλΪΪһ
  47   2              MOSI = bufdata & 0x80;
  48   2              bufdata <<= 1;//bufdataճλ
  49   2              SCK = 1;//ߵƽMOSIݱͳ
  50   2              bufdata |= MISO;        
  51   2              SCK = 0;//½صMISOΪӻ͹
  52   2          }
  53   1          return bufdata;//ӻİλݷ
C51 COMPILER V9.53.0.0   NRF24L01_RECEIVER                                                 07/29/2016 19:21:38 PAGE 2   

  54   1      }
  55          
  56          /*
  57          ˼룺ȡNRFĳĴеһֽݣ
  58          ȡĻһSPIָרŶȡĴģʽRead_cmd = 0x00 + ҪȡļĴַ
  59          ֲP13
  60          */
  61          //SPIߣNRFмĴһֽڵ
  62          unsigned char SPI_Read_NRF(unsigned char Read_cmd)// Read_cmd = 0x00 + ҪȡļĴַ
  63          {
  64   1          unsigned char readData;
  65   1          CSN = 0;//ģʹЧ
  66   1          SPI_ExchangeData(Read_cmd);//дSPIʽ 000A AAAA0x00 + Addrд룬˵ҪȡĴ
             -
  67   1          readData = SPI_ExchangeData(0x00);//ʼݣʵǵȡĴݣΪֻҪȡֵ
             -ҷ0x00ҲͿ
  68   1          CSN = 1;
  69   1        
  70   1          return readData;
  71   1      }
  72          
  73          
  74          //SPIߣдݵNRFļĴУΪwr_valueΪһֽ
  75          unsigned char SPI_Write_NRF(unsigned char Write_cmd,unsigned char wr_value)
  76          {
  77   1          unsigned char statue;
  78   1          CSN = 0;
  79   1          statue = SPI_ExchangeData(Write_cmd);//ȰдͨSPIд뵽NRF
  80   1          SPI_ExchangeData(wr_value);//žд
  81   1          CSN = 1;
  82   1        
  83   1          return statue; //״̬֣жǷȷ*д֤*
  84   1      }
  85          
  86          
  87          
  88          //ʹSPIRXFIFOĴֵĶȡȡԺ󣬸üĴݱ
  89          unsigned char SPI_Read_RxFIFO(unsigned char Read_cmd,unsigned char *RxData,unsigned char DataLen)
  90          {
  91   1          unsigned char status;
  92   1          unsigned char i = 0;
  93   1          CSN = 0;
  94   1          status = SPI_ExchangeData(Read_cmd);
  95   1          for(i = 0;i < DataLen;i ++)//ĳĴĶȡȡΪDataLenȡRxData
  96   1          {
  97   2              RxData[i] = SPI_ExchangeData(0x00);
  98   2          }
  99   1          CSN = 1;
 100   1          
 101   1          return status;
 102   1      }
 103          
 104          //ʹSPITXFIFOĴддΪTxDataݣΪDataLen
 105          unsigned char SPI_Write_TxFIFO(unsigned char Write_cmd,unsigned char *TxData,unsigned char DataLen)
 106          {
 107   1          unsigned char status;
 108   1          unsigned char i = 0;
 109   1          CSN = 0;
 110   1          status = SPI_ExchangeData(Write_cmd);
 111   1        
 112   1      
 113   1          for(i = 0;i < DataLen;i ++)
C51 COMPILER V9.53.0.0   NRF24L01_RECEIVER                                                 07/29/2016 19:21:38 PAGE 3   

 114   1          {
 115   2              SPI_ExchangeData(*TxData ++);
 116   2          }
 117   1          CSN = 1;
 118   1          
 119   1          return status;
 120   1      
 121   1      }
 122          
 123          /*
 124          NRFĹʽΪͷʽ
 125          */
 126          void SetNRF_SendDataMode(unsigned char *TxData)
 127          {
 128   1          CE = 0;//ʹģģʽNRFĹ״̬
 129   1          /*÷͵ַҪд͵ַĴУȻдַдַĿ
 130   1          һ:дĴд뵽͵ַĴʾҪ
 131   1          дַշַͬ
 132   1          дĵַȣΪ5ֽڳ
 133   1          */
 134   1          SPI_Write_TxFIFO(W_REGISTER + TX_ADDR, TxAddr, TX_ADDR_WITDH);
 135   1          /*NRF
 136   1          ȻдҪʹ0ͨΪն˵Ӧͨնڽյݺ󣬼¼õַȻͨ0ͨظӦ
 137   1          ԣ0ͨĵַҪͷͶ˵ķ͵ַܱ֤ͬյշӦź
 138   1          һдĴд뵽ͨ0Ĵ
 139   1          дͨ0ĵַַͷͶ˵ַ֤ͬյӦź
 140   1          ַȣΪ5ֽڳ
 141   1          */  
 142   1          SPI_Write_TxFIFO(W_REGISTER + RX_ADDR_P0, TxAddr, TX_ADDR_WITDH);
 143   1          /*ſԿʼд
 144   1          һдĴд뵽дĴУʾʼд
 145   1          Ҫд
 146   1          ҪдݳȣΪ4ֽ
 147   1          */
 148   1          SPI_Write_TxFIFO(W_TX_PAYLOAD,TxData,TX_DATA_WITDH);
 149   1          /*ҪøĴӦʽȣҪͷʼĴ*/
 150   1          //ͨдһֽھͿøĴԲʹSPI_Write_TxFIFO
 151   1          SPI_Write_NRF(W_REGISTER + EN_AA, 0x01);//ʹͨ0ͨ0ԶӦҪǲҪԶӦ0x00
 152   1          SPI_Write_NRF(W_REGISTER + EN_RXADDR, 0x01);//ͨ0
 153   1          
 154   1          //SPI_Write_NRF(W_REGISTER + SETUP_AW, TX_DATA_WITDH);
 155   1          
 156   1          SPI_Write_NRF(W_REGISTER + SETUP_RETR, 0x1f);//Զط,Զطʮ
 157   1          SPI_Write_NRF(W_REGISTER + RF_CH, 0x00);//ͨƵ0
 158   1          SPI_Write_NRF(W_REGISTER + RF_SETUP, 0x07);//ƵĴʹ000 0 11 11Mbps  0dBm,
 159   1          SPI_Write_NRF(W_REGISTER + CONFIG, 0x0e);//CRCʹЧʮλiCRCУ飬ϵ磬ģʽ
 160   1          
 161   1          CE = 1;
 162   1          
 163   1          delay_us(10);//ӳ10usϣʱ15us
 164   1          
 165   1      }
 166          
 167          //ݺΪǽգҲҪκβ
 168          
 169          void SetNRF_ReceiveDataMode()
 170          {
 171   1          CE = 0;
 172   1          //һдͨ0ռĴУʹõĵַͷ͵ַܱ֤ͬȷĴ
 173   1          SPI_Write_TxFIFO(W_REGISTER + RX_ADDR_P0, TxAddr, TX_ADDR_WITDH);//дNRF׼ͨ0
             -
 174   1        
C51 COMPILER V9.53.0.0   NRF24L01_RECEIVER                                                 07/29/2016 19:21:38 PAGE 4   

 175   1          /*øĴʹNRFڽģʽ£*/
 176   1          SPI_Write_NRF(W_REGISTER + EN_AA, 0x01);//ʹͨ0ͨ0ԶӦҪǲҪԶӦ0x00
 177   1          SPI_Write_NRF(W_REGISTER + EN_RXADDR, 0x01);//ͨ0
 178   1          //ַȣ֪ҪҪдоӦҪд
 179   1          //SPI_Write_NRF(W_REGISTER + SETUP_AW, 0x03);//õַȣ000000XXΪʹַȣXX = 11
             -0x03
 180   1          SPI_Write_NRF(W_REGISTER + RF_CH, 0x00);//ͨƵ0շ˫뱣һ
 181   1          SPI_Write_NRF(W_REGISTER + RX_PW_P0,RX_DATA_WITDH);//ýͨ0ݿȣҪͷһ??
 182   1          SPI_Write_NRF(W_REGISTER + RF_SETUP, 0x07);//ƵĴʹ000 0 11 11Mbps  0dBm,
 183   1          SPI_Write_NRF(W_REGISTER + CONFIG, 0x0f);//CRCʹЧʮλiCRCУ飬ϵ磬ģʽ
 184   1          CE = 1;
 185   1        
 186   1          delay_us(50);//ӳ10usϣʱ15us
 187   1      }
 188          
 189          
 190          /*ӦǶڷͷԣΪͷҪǷܷյЧ*/
 191          //0˵Ӧ
 192          unsigned char CheckAck()
 193          {
 194   1          /*Խ׶ڷͺеݣжǷͳɹĵԷͶ˵ĲԲ֣ԺɾChe
             -ck*/
 195   1          //ӣʾͳɹ
 196   1          sta = SPI_Read_NRF(R_REGISTER + STATUS);
 197   1        
 198   1          //ڷݻԶطﵽֵʱӦλᱻһ
 199   1          if((TX_DS == 1) || (MAX_RT == 1))
 200   1          {
 201   2              //uart_sendbyte(sta);
 202   2              //Ҫжλֲ˵һжϣԿȫһλ 
 203   2              SPI_Write_NRF(W_REGISTER + STATUS, 0xff);
 204   2              CSN = 0;//ƬѡоƬ
 205   2              //TXFIFOĴ,֤ݵȷ
 206   2              SPI_ExchangeData(FLUSH_TX);
 207   2              CSN = 1;//ƬѡʹЧ
 208   2              return 0;
 209   2          }
 210   1          else
 211   1          {
 212   2              return 1;
 213   2          }
 214   1      }
 215          
 216          
 217          /*ģʽ£жǷȡݣͨFlagжϣRecFlag = 1˵յݣݽᱣRecData
             -*/
 218          unsigned char NRF_RecData(unsigned char *RecData)
 219          {
 220   1          unsigned char RecFlag = 0;
 221   1          //ȡ״̬ĴжǷܵݣյ˵ĻRX_DRһ
 222   1          sta = SPI_Read_NRF(R_REGISTER + STATUS);
 223   1        
 224   1          /*test*/
 225   1          //uart_sendbyte(sta);
 226   1        
 227   1        
 228   1          if(RX_DR == 1)//˽ն˱־λ˵ճɹ
 229   1          {
 230   2      
 231   2              //һǲοд
 232   2              CE = 0;
 233   2              //һҪȱд׼ȡݣ
C51 COMPILER V9.53.0.0   NRF24L01_RECEIVER                                                 07/29/2016 19:21:38 PAGE 5   

 234   2              //нݵ
 235   2              //ĿȣҲݵĿֽ
 236   2              SPI_Read_RxFIFO(R_RX_PAYLOAD,RecData,RX_ADDR_WITDH);
 237   2              RecFlag = 1;   
 238   2              
 239   2              CE = 1;
 240   2          }
 241   1          //ǷյЧݣҪڶȡжλԱһεĽ
 242   1          //һRXFIFOĴ
 243   1          SPI_Write_NRF(FLUSH_RX, 0xff);
 244   1          
 245   1      
 246   1          return RecFlag;
 247   1      }
 248          
 249          
 250          
 251          


MODULE INFORMATION:   STATIC OVERLAYABLE
   CODE SIZE        =    436    ----
   CONSTANT SIZE    =     10    ----
   XDATA SIZE       =   ----      16
   PDATA SIZE       =   ----    ----
   DATA SIZE        =      1    ----
   IDATA SIZE       =   ----    ----
   BIT SIZE         =   ----    ----
END OF MODULE INFORMATION.


C51 COMPILATION COMPLETE.  0 WARNING(S),  0 ERROR(S)
