C51 COMPILER V9.53.0.0   TIMER                                                             05/24/2016 09:11:41 PAGE 1   


C51 COMPILER V9.53.0.0, COMPILATION OF MODULE TIMER
OBJECT MODULE PLACED IN timer.obj
COMPILER INVOKED BY: C:\Keil_MDK\C51\BIN\C51.EXE timer\timer.c LARGE OPTIMIZE(8,SPEED) BROWSE INCDIR(.\timer;.\delay;.\l
                    -cd;.\uart;.\NRF24L01__Receiver;.\tmp_hum;.\motor;.\LED16_64) DEBUG OBJECTEXTEND PRINT(.\timer.lst) TABS(2) OBJECT(timer.
                    -obj)

line level    source

   1          #include "AllFunc.h"
   2          #include "timer.h"
   3          
   4          
   5          
   6          //外部中断0的初始化函数
   7          void Int0_init()
   8          {
   9   1          EA = 1;//总中断开开
  10   1          EX0 = 1;//允许外部中断0
  11   1          IT0 = 1;//设置为下降沿触发
  12   1      }
  13          
  14          


MODULE INFORMATION:   STATIC OVERLAYABLE
   CODE SIZE        =      7    ----
   CONSTANT SIZE    =   ----    ----
   XDATA SIZE       =   ----    ----
   PDATA SIZE       =   ----    ----
   DATA SIZE        =   ----    ----
   IDATA SIZE       =   ----    ----
   BIT SIZE         =   ----    ----
END OF MODULE INFORMATION.


C51 COMPILATION COMPLETE.  0 WARNING(S),  0 ERROR(S)
