C51 COMPILER V9.53.0.0   ZIMO                                                              07/29/2016 19:21:39 PAGE 1   


C51 COMPILER V9.53.0.0, COMPILATION OF MODULE ZIMO
OBJECT MODULE PLACED IN zimo.obj
COMPILER INVOKED BY: C:\Keil_MDK\C51\BIN\C51.EXE LED16_64\zimo.c LARGE OPTIMIZE(8,SPEED) BROWSE INCDIR(.\delay;.\uart;.\
                    -NRF24L01__Receiver;.\LED16_64;.\WifiESP8266;.\PCF8563;.\DS18B20) DEBUG OBJECTEXTEND PRINT(.\zimo.lst) TABS(2) OBJECT(zim
                    -o.obj)

line level    source

   1          #include "AllFunc.h"
   2          
   3          
   4          
   5          /*用于在尾部填充的空格字符*/
   6          unsigned char code space[32] =
   7          {
   8              /*空格*/
   9          0x00,0x00,0x00,0x00,0x00,0x00,0x00,0x00,0x00,0x00,0x00,0x00,0x00,0x00,0x00,0x00,
  10          0x00,0x00,0x00,0x00,0x00,0x00,0x00,0x00,0x00,0x00,0x00,0x00,0x00,0x00,0x00,0x00,
  11          };
  12          
  13          //使用两种通信方式介绍
  14          unsigned char code IntroductionInfo3[][32] =
  15          {
  16            
  17            0x00,0x00,0x00,0x00,0x00,0x00,0x00,0x00,0x00,0x00,0x00,0x00,0x00,0x00,0x00,0x00,
  18          0x00,0x00,0x00,0x00,0x00,0x00,0x00,0x00,0x00,0x00,0x00,0x00,0x00,0x00,0x00,0x00,
  19            
  20            0x00,0x00,0x00,0x00,0x00,0x00,0x00,0x00,0x00,0x00,0x00,0x00,0x00,0x00,0x00,0x00,
  21          0x00,0x00,0x00,0x00,0x00,0x00,0x00,0x00,0x00,0x00,0x00,0x00,0x00,0x00,0x00,0x00,
  22            
  23            0x00,0x00,0x00,0x00,0x00,0x00,0x00,0x00,0x00,0x00,0x00,0x00,0x00,0x00,0x00,0x00,
  24          0x00,0x00,0x00,0x00,0x00,0x00,0x00,0x00,0x00,0x00,0x00,0x00,0x00,0x00,0x00,0x00,
  25            
  26            0x00,0x00,0x00,0x00,0x00,0x00,0x00,0x00,0x00,0x00,0x00,0x00,0x00,0x00,0x00,0x00,
  27          0x00,0x00,0x00,0x00,0x00,0x00,0x00,0x00,0x00,0x00,0x00,0x00,0x00,0x00,0x00,0x00,
  28            
  29            
  30          /*--  ??:  ?  --*/
  31          /*--  ??12;  ??????????:?x?=16x16   --*/
  32          0x10,0x40,0x10,0x20,0x10,0x20,0x13,0xFE,0xFA,0x02,0x14,0x94,0x11,0x08,0x1A,0x04,
  33          0x30,0x00,0xD1,0xFC,0x10,0x20,0x10,0x20,0x10,0x20,0x10,0x20,0x57,0xFE,0x20,0x00,
  34          
  35          /*--  ??:  ?  --*/
  36          /*--  ??12;  ??????????:?x?=16x16   --*/
  37          0x04,0x04,0x24,0x04,0x24,0x04,0x3F,0xA4,0x44,0x24,0x04,0x24,0xFF,0xE4,0x04,0x24,
  38          0x04,0x24,0x3F,0xA4,0x24,0xA4,0x24,0xA4,0x26,0x84,0x25,0x04,0x04,0x14,0x04,0x08,
  39          
  40          /*--  ??:  ?  --*/
  41          /*--  ??12;  ??????????:?x?=16x16   --*/
  42          0x20,0x20,0x11,0x24,0x11,0x24,0xFD,0x24,0x01,0xFC,0x08,0x00,0x8B,0xFE,0x88,0x20,
  43          0x48,0x40,0x49,0xFC,0x51,0x54,0x51,0x54,0x1D,0x54,0xE1,0x54,0x41,0x54,0x01,0x0C,
  44          
  45          /*--  ??:  ?  --*/
  46          /*--  ??12;  ??????????:?x?=16x16   --*/
  47          0x02,0x00,0x02,0x00,0xFF,0xFE,0x04,0x00,0x04,0x00,0x0F,0xF0,0x08,0x10,0x18,0x10,
  48          0x2F,0xF0,0x48,0x10,0x88,0x10,0x0F,0xF0,0x08,0x10,0x08,0x10,0x08,0x50,0x08,0x20,
  49          
  50          /*--  ??:  ?  --*/
  51          /*--  ??12;  ??????????:?x?=16x16   --*/
  52          0x01,0x00,0x02,0x00,0x04,0x00,0x1F,0xF0,0x10,0x10,0x10,0x10,0x10,0x10,0x1F,0xF0,
  53          0x10,0x10,0x10,0x10,0x1F,0xF0,0x10,0x10,0x10,0x10,0x10,0x10,0x1F,0xF0,0x10,0x10,
C51 COMPILER V9.53.0.0   ZIMO                                                              07/29/2016 19:21:39 PAGE 2   

  54          
  55          /*--  ??:  ?  --*/
  56          /*--  ??12;  ??????????:?x?=16x16   --*/
  57          0x04,0x04,0x24,0x04,0x24,0x04,0x3F,0xA4,0x44,0x24,0x04,0x24,0xFF,0xE4,0x04,0x24,
  58          0x04,0x24,0x3F,0xA4,0x24,0xA4,0x24,0xA4,0x26,0x84,0x25,0x04,0x04,0x14,0x04,0x08,
  59          
  60          /*--  ??:  ?  --*/
  61          /*--  ??12;  ??????????:?x?=16x16   --*/
  62          0x10,0x10,0x08,0x20,0x04,0x40,0x3F,0xF8,0x21,0x08,0x21,0x08,0x3F,0xF8,0x21,0x08,
  63          0x21,0x08,0x3F,0xF8,0x01,0x00,0x01,0x00,0xFF,0xFE,0x01,0x00,0x01,0x00,0x01,0x00,
  64          
  65          /*--  ??:  ?  --*/
  66          /*--  ??12;  ??????????:?x?=16x16   --*/
  67          0x00,0x40,0x10,0x40,0x10,0x40,0x10,0x40,0x10,0x40,0x1F,0xFC,0x10,0x00,0x10,0x00,
  68          0x10,0x00,0x1F,0xE0,0x10,0x20,0x10,0x20,0x10,0x20,0x20,0x20,0x20,0x20,0x40,0x20,
  69          
  70          /*--  ??:  ?  --*/
  71          /*--  ??12;  ??????????:?x?=16x16   --*/
  72          0x10,0x00,0x11,0xF0,0x11,0x10,0x11,0x10,0xFD,0x10,0x11,0x10,0x31,0x10,0x39,0x10,
  73          0x55,0x10,0x55,0x10,0x91,0x10,0x11,0x12,0x11,0x12,0x12,0x12,0x12,0x0E,0x14,0x00,
  74          
  75          /*--  ??:  ?  --*/
  76          /*--  ??12;  ??????????:?x?=16x16   --*/
  77          0x1F,0xF0,0x10,0x10,0x1F,0xF0,0x10,0x10,0x1F,0xF0,0x00,0x00,0xFF,0xFE,0x22,0x00,
  78          0x3E,0xF8,0x22,0x88,0x3E,0x90,0x22,0x50,0x2F,0x20,0xF2,0x50,0x42,0x88,0x03,0x06,
  79          
  80          /*--  ??:  ?  --*/
  81          /*--  ??12;  ??????????:?x?=16x16   --*/
  82          0x01,0x00,0x01,0x00,0x01,0x00,0x01,0x00,0x01,0x00,0x11,0x10,0x11,0x08,0x11,0x04,
  83          0x21,0x04,0x21,0x02,0x41,0x02,0x81,0x02,0x01,0x00,0x01,0x00,0x05,0x00,0x02,0x00,
  84          
  85          /*--  ??:  ?  --*/
  86          /*--  ??12;  ??????????:?x?=16x16   --*/
  87          0x00,0xF8,0x3F,0x00,0x04,0x00,0x08,0x20,0x10,0x40,0x3F,0x80,0x01,0x00,0x06,0x10,
  88          0x18,0x08,0x7F,0xFC,0x01,0x04,0x09,0x20,0x11,0x10,0x21,0x08,0x45,0x04,0x02,0x00,
  89          
  90          /*--  ??:  ?  --*/
  91          /*--  ??12;  ??????????:?x?=16x16   --*/
  92          0x10,0x40,0x10,0x20,0x20,0x20,0x23,0xFE,0x48,0x40,0xF8,0x88,0x11,0x04,0x23,0xFE,
  93          0x40,0x92,0xF8,0x90,0x40,0x90,0x00,0x90,0x19,0x12,0xE1,0x12,0x42,0x0E,0x04,0x00,
  94          
  95          /*--  ??:  ?  --*/
  96          /*--  ??12;  ??????????:?x?=16x16   --*/
  97          0x08,0x08,0x48,0x1C,0x49,0xE0,0x49,0x00,0x49,0x00,0x7D,0xFC,0x41,0x44,0x41,0x44,
  98          0x79,0x44,0x49,0x28,0x49,0x28,0x49,0x10,0x49,0x10,0x4A,0x28,0x4A,0x44,0x8C,0x82,
  99          
 100          /*--  ??:  ?  --*/
 101          /*--  ??12;  ??????????:?x?=16x16   --*/
 102          0x04,0x00,0x0E,0x00,0x78,0x00,0x08,0x7C,0x08,0x44,0xFF,0x44,0x08,0x44,0x18,0x44,
 103          0x1C,0x44,0x2A,0x44,0x2A,0x44,0x48,0x44,0x88,0x7C,0x08,0x44,0x08,0x00,0x08,0x00,
 104          
 105          /*--  ??:  ?  --*/
 106          /*--  ??12;  ??????????:?x?=16x16   --*/
 107          0x02,0x00,0x01,0x00,0x3F,0xFC,0x20,0x04,0x42,0x08,0x02,0x00,0x02,0x00,0xFF,0xFE,
 108          0x04,0x20,0x08,0x20,0x18,0x40,0x06,0x40,0x01,0x80,0x02,0x60,0x0C,0x10,0x70,0x08,
 109          
 110          /*--  ??:  ?  --*/
 111          /*--  ??12;  ??????????:?x?=16x16   --*/
 112          0x01,0x00,0x01,0xFC,0x01,0x00,0x01,0x00,0x1F,0xF0,0x10,0x10,0x1F,0xF0,0x10,0x10,
 113          0x1F,0xF0,0x11,0x10,0x01,0x00,0xFF,0xFE,0x01,0x00,0x01,0x00,0x01,0x00,0x01,0x00,
 114          
 115          /*--  ??:  ?  --*/
C51 COMPILER V9.53.0.0   ZIMO                                                              07/29/2016 19:21:39 PAGE 3   

 116          /*--  ??12;  ??????????:?x?=16x16   --*/
 117          0x00,0x10,0x00,0xF8,0x3F,0x00,0x01,0x00,0x01,0x00,0x3F,0xF8,0x01,0x00,0x01,0x00,
 118          0x01,0x00,0xFF,0xFE,0x01,0x00,0x01,0x00,0x01,0x00,0x01,0x00,0x05,0x00,0x02,0x00,
 119          
 120          /*--  ??:  ?  --*/
 121          /*--  ??12;  ??????????:?x?=16x16   --*/
 122          0x10,0x00,0x11,0xF0,0x11,0x10,0x11,0x10,0xFD,0x10,0x11,0x10,0x31,0x10,0x39,0x10,
 123          0x55,0x10,0x55,0x10,0x91,0x10,0x11,0x12,0x11,0x12,0x12,0x12,0x12,0x0E,0x14,0x00,
 124          
 125          /*--  ??:  ?  --*/
 126          /*--  ??12;  ??????????:?x?=16x16   --*/
 127          0x02,0x00,0x01,0x00,0x7F,0xFE,0x40,0x02,0x88,0x04,0x0F,0xF0,0x10,0x20,0x2C,0x40,
 128          0x03,0x80,0x1C,0x70,0xE0,0x0E,0x1F,0xF0,0x10,0x10,0x10,0x10,0x1F,0xF0,0x10,0x10,
 129          
 130          /*--  ??:  ?  --*/
 131          /*--  ??12;  ??????????:?x?=16x16   --*/
 132          0x02,0x00,0x01,0x00,0x01,0x00,0x1F,0xF8,0x10,0x08,0x10,0x08,0x10,0x08,0x10,0x08,
 133          0x1F,0xF8,0x10,0x08,0x10,0x00,0x10,0x00,0x10,0x00,0x20,0x00,0x20,0x00,0x40,0x00,
 134          
 135          /*--  ??:  ?  --*/
 136          /*--  ??12;  ??????????:?x?=16x16   --*/
 137          0x20,0x20,0x11,0x24,0x11,0x24,0xFD,0x24,0x01,0xFC,0x08,0x00,0x8B,0xFE,0x88,0x20,
 138          0x48,0x40,0x49,0xFC,0x51,0x54,0x51,0x54,0x1D,0x54,0xE1,0x54,0x41,0x54,0x01,0x0C,
 139          
 140          
 141          
 142          };
 143          
 144          //使用两个模块介绍
 145          unsigned char code IntroductionInfo2[][32] = 
 146          {
 147              0x00,0x00,0x00,0x00,0x00,0x00,0x00,0x00,0x00,0x00,0x00,0x00,0x00,0x00,0x00,0x00,
 148          0x00,0x00,0x00,0x00,0x00,0x00,0x00,0x00,0x00,0x00,0x00,0x00,0x00,0x00,0x00,0x00,
 149            
 150            0x00,0x00,0x00,0x00,0x00,0x00,0x00,0x00,0x00,0x00,0x00,0x00,0x00,0x00,0x00,0x00,
 151          0x00,0x00,0x00,0x00,0x00,0x00,0x00,0x00,0x00,0x00,0x00,0x00,0x00,0x00,0x00,0x00,
 152            
 153            0x00,0x00,0x00,0x00,0x00,0x00,0x00,0x00,0x00,0x00,0x00,0x00,0x00,0x00,0x00,0x00,
 154          0x00,0x00,0x00,0x00,0x00,0x00,0x00,0x00,0x00,0x00,0x00,0x00,0x00,0x00,0x00,0x00,
 155            
 156            0x00,0x00,0x00,0x00,0x00,0x00,0x00,0x00,0x00,0x00,0x00,0x00,0x00,0x00,0x00,0x00,
 157          0x00,0x00,0x00,0x00,0x00,0x00,0x00,0x00,0x00,0x00,0x00,0x00,0x00,0x00,0x00,0x00,
 158            
 159            
 160            
 161              /*--  ??:  ?  --*/
 162          /*--  ??12;  ??????????:?x?=16x16   --*/
 163          0x01,0x00,0x01,0x00,0x01,0x00,0x01,0x00,0x7F,0xFC,0x03,0x80,0x05,0x40,0x05,0x40,
 164          0x09,0x20,0x11,0x10,0x21,0x08,0x4F,0xE4,0x81,0x02,0x01,0x00,0x01,0x00,0x01,0x00,
 165          
 166          /*--  ??:  ?  --*/
 167          /*--  ??12;  ??????????:?x?=16x16   --*/
 168          0x01,0x00,0x00,0x80,0x00,0x80,0x3F,0xFC,0x20,0x00,0x20,0x00,0x20,0x00,0x20,0x00,
 169          0x20,0x00,0x20,0x00,0x20,0x00,0x20,0x00,0x20,0x00,0x40,0x00,0x40,0x00,0x80,0x00,
 170          
 171          /*--  ??:  ?  --*/
 172          /*--  ??12;  ??????????:?x?=16x16   --*/
 173          0x01,0x00,0x11,0x00,0x11,0x00,0x1F,0xF8,0x21,0x00,0x41,0x00,0x01,0x00,0xFF,0xFE,
 174          0x00,0x00,0x00,0x00,0x1F,0xF0,0x10,0x10,0x10,0x10,0x10,0x10,0x1F,0xF0,0x10,0x10,
 175          
 176          /*--  ??:  ?  --*/
 177          /*--  ??12;  ??????????:?x?=16x16   --*/
C51 COMPILER V9.53.0.0   ZIMO                                                              07/29/2016 19:21:39 PAGE 4   

 178          0x00,0x00,0x3F,0xF8,0x20,0x08,0x20,0x08,0x3F,0xF8,0x24,0x10,0x22,0x20,0x2F,0xF8,
 179          0x22,0x20,0x22,0x20,0x3F,0xFC,0x22,0x20,0x42,0x20,0x44,0x20,0x84,0x20,0x08,0x20,
 180          
 181          /*--  ??:  ?  --*/
 182          /*--  ??12;  ??????????:?x?=16x16   --*/
 183          0x10,0x40,0x10,0x40,0x1F,0xFE,0x20,0x40,0x20,0x40,0x67,0xFC,0x64,0x44,0xA4,0x44,
 184          0x27,0xFC,0x20,0x40,0x22,0x40,0x21,0x40,0x20,0x80,0x21,0x40,0x22,0x30,0x2C,0x0E,
 185          
 186          /*--  ??:  ?  --*/
 187          /*--  ??12;  ??????????:?x?=16x16   --*/
 188          0x00,0x00,0x3F,0xF8,0x21,0x08,0x21,0x08,0x21,0x08,0x3F,0xF8,0x21,0x08,0x21,0x08,
 189          0x21,0x08,0x3F,0xF8,0x21,0x08,0x21,0x08,0x21,0x08,0x41,0x08,0x41,0x28,0x80,0x10,
 190          
 191          /*--  ??:  N  --*/
 192          /*--  ??12;  ??????????:?x?=16x16   --*/
 193          0x00,0x00,0x00,0x00,0x00,0x00,0xC7,0x00,0x62,0x00,0x62,0x00,0x52,0x00,0x52,0x00,
 194          0x4A,0x00,0x4A,0x00,0x4A,0x00,0x46,0x00,0x46,0x00,0xE2,0x00,0x00,0x00,0x00,0x00,
 195          
 196          /*--  ??:  R  --*/
 197          /*--  ??12;  ??????????:?x?=16x16   --*/
 198          0x00,0x00,0x00,0x00,0x00,0x00,0xFC,0x00,0x42,0x00,0x42,0x00,0x42,0x00,0x7C,0x00,
 199          0x48,0x00,0x48,0x00,0x44,0x00,0x44,0x00,0x42,0x00,0xE3,0x00,0x00,0x00,0x00,0x00,
 200          
 201          /*--  ??:  F  --*/
 202          /*--  ??12;  ??????????:?x?=16x16   --*/
 203          0x00,0x00,0x00,0x00,0x00,0x00,0xFC,0x00,0x42,0x00,0x48,0x00,0x48,0x00,0x78,0x00,
 204          0x48,0x00,0x48,0x00,0x40,0x00,0x40,0x00,0x40,0x00,0xE0,0x00,0x00,0x00,0x00,0x00,
 205          
 206          /*--  ??:  2  --*/
 207          /*--  ??12;  ??????????:?x?=16x16   --*/
 208          0x00,0x00,0x00,0x00,0x00,0x00,0x3C,0x00,0x42,0x00,0x42,0x00,0x42,0x00,0x04,0x00,
 209          0x04,0x00,0x08,0x00,0x10,0x00,0x20,0x00,0x42,0x00,0x7E,0x00,0x00,0x00,0x00,0x00,
 210          
 211          /*--  ??:  4  --*/
 212          /*--  ??12;  ??????????:?x?=16x16   --*/
 213          0x00,0x00,0x00,0x00,0x00,0x00,0x04,0x00,0x0C,0x00,0x14,0x00,0x24,0x00,0x24,0x00,
 214          0x44,0x00,0x44,0x00,0x7E,0x00,0x04,0x00,0x04,0x00,0x1E,0x00,0x00,0x00,0x00,0x00,
 215          
 216          /*--  ??:  L  --*/
 217          /*--  ??12;  ??????????:?x?=16x16   --*/
 218          0x00,0x00,0x00,0x00,0x00,0x00,0xE0,0x00,0x40,0x00,0x40,0x00,0x40,0x00,0x40,0x00,
 219          0x40,0x00,0x40,0x00,0x40,0x00,0x40,0x00,0x42,0x00,0xFE,0x00,0x00,0x00,0x00,0x00,
 220          
 221          /*--  ??:  0  --*/
 222          /*--  ??12;  ??????????:?x?=16x16   --*/
 223          0x00,0x00,0x00,0x00,0x00,0x00,0x18,0x00,0x24,0x00,0x42,0x00,0x42,0x00,0x42,0x00,
 224          0x42,0x00,0x42,0x00,0x42,0x00,0x42,0x00,0x24,0x00,0x18,0x00,0x00,0x00,0x00,0x00,
 225          
 226          /*--  ??:  1  --*/
 227          /*--  ??12;  ??????????:?x?=16x16   --*/
 228          0x00,0x00,0x00,0x00,0x00,0x00,0x10,0x00,0x70,0x00,0x10,0x00,0x10,0x00,0x10,0x00,
 229          0x10,0x00,0x10,0x00,0x10,0x00,0x10,0x00,0x10,0x00,0x7C,0x00,0x00,0x00,0x00,0x00,
 230          
 231          /*--  ??:  ?  --*/
 232          /*--  ??12;  ??????????:?x?=16x16   --*/
 233          0x11,0x10,0x11,0x10,0x17,0xFC,0x11,0x10,0xFC,0x00,0x13,0xF8,0x32,0x08,0x3B,0xF8,
 234          0x56,0x08,0x53,0xF8,0x90,0x40,0x17,0xFC,0x10,0xA0,0x11,0x10,0x12,0x08,0x14,0x06,
 235          
 236          /*--  ??:  ?  --*/
 237          /*--  ??12;  ??????????:?x?=16x16   --*/
 238          0x10,0x40,0x10,0x40,0x10,0x40,0x13,0xFC,0x10,0x44,0xFC,0x44,0x10,0x44,0x10,0x44,
 239          0x13,0xFE,0x10,0x40,0x10,0xA0,0x1C,0xA0,0xE1,0x10,0x42,0x08,0x04,0x04,0x08,0x02,
C51 COMPILER V9.53.0.0   ZIMO                                                              07/29/2016 19:21:39 PAGE 5   

 240          
 241          /*--  ??:  ?  --*/
 242          /*--  ??12;  ??????????:?x?=16x16   --*/
 243          0x04,0x00,0x0E,0x00,0x78,0x00,0x08,0x7C,0x08,0x44,0xFF,0x44,0x08,0x44,0x18,0x44,
 244          0x1C,0x44,0x2A,0x44,0x2A,0x44,0x48,0x44,0x88,0x7C,0x08,0x44,0x08,0x00,0x08,0x00,
 245          
 246          /*--  ??:  W  --*/
 247          /*--  ??12;  ??????????:?x?=16x16   --*/
 248          0x00,0x00,0x00,0x00,0x00,0x00,0xD6,0x00,0x92,0x00,0x92,0x00,0x92,0x00,0x92,0x00,
 249          0xAA,0x00,0xAA,0x00,0x6C,0x00,0x44,0x00,0x44,0x00,0x44,0x00,0x00,0x00,0x00,0x00,
 250          
 251          /*--  ??:  i  --*/
 252          /*--  ??12;  ??????????:?x?=16x16   --*/
 253          0x00,0x00,0x00,0x00,0x00,0x00,0x30,0x00,0x30,0x00,0x00,0x00,0x00,0x00,0x70,0x00,
 254          0x10,0x00,0x10,0x00,0x10,0x00,0x10,0x00,0x10,0x00,0x7C,0x00,0x00,0x00,0x00,0x00,
 255          
 256          /*--  ??:  f  --*/
 257          /*--  ??12;  ??????????:?x?=16x16   --*/
 258          0x00,0x00,0x00,0x00,0x00,0x00,0x0F,0x00,0x11,0x00,0x10,0x00,0x10,0x00,0x7E,0x00,
 259          0x10,0x00,0x10,0x00,0x10,0x00,0x10,0x00,0x10,0x00,0x7C,0x00,0x00,0x00,0x00,0x00,
 260          
 261          /*--  ??:  i  --*/
 262          /*--  ??12;  ??????????:?x?=16x16   --*/
 263          0x00,0x00,0x00,0x00,0x00,0x00,0x30,0x00,0x30,0x00,0x00,0x00,0x00,0x00,0x70,0x00,
 264          0x10,0x00,0x10,0x00,0x10,0x00,0x10,0x00,0x10,0x00,0x7C,0x00,0x00,0x00,0x00,0x00,
 265          
 266          /*--  ??:     --*/
 267          /*--  ??12;  ??????????:?x?=16x16   --*/
 268          0x00,0x00,0x00,0x00,0x00,0x00,0x00,0x00,0x00,0x00,0x00,0x00,0x00,0x00,0x00,0x00,
 269          0x00,0x00,0x00,0x00,0x00,0x00,0x00,0x00,0x00,0x00,0x00,0x00,0x00,0x00,0x00,0x00,
 270          
 271          /*--  ??:  E  --*/
 272          /*--  ??12;  ??????????:?x?=16x16   --*/
 273          0x00,0x00,0x00,0x00,0x00,0x00,0xFC,0x00,0x42,0x00,0x48,0x00,0x48,0x00,0x78,0x00,
 274          0x48,0x00,0x48,0x00,0x40,0x00,0x42,0x00,0x42,0x00,0xFC,0x00,0x00,0x00,0x00,0x00,
 275          
 276          /*--  ??:  S  --*/
 277          /*--  ??12;  ??????????:?x?=16x16   --*/
 278          0x00,0x00,0x00,0x00,0x00,0x00,0x3E,0x00,0x42,0x00,0x42,0x00,0x40,0x00,0x20,0x00,
 279          0x18,0x00,0x04,0x00,0x02,0x00,0x42,0x00,0x42,0x00,0x7C,0x00,0x00,0x00,0x00,0x00,
 280          
 281          /*--  ??:  P  --*/
 282          /*--  ??12;  ??????????:?x?=16x16   --*/
 283          0x00,0x00,0x00,0x00,0x00,0x00,0xFC,0x00,0x42,0x00,0x42,0x00,0x42,0x00,0x42,0x00,
 284          0x7C,0x00,0x40,0x00,0x40,0x00,0x40,0x00,0x40,0x00,0xE0,0x00,0x00,0x00,0x00,0x00,
 285          
 286          /*--  ??:  8  --*/
 287          /*--  ??12;  ??????????:?x?=16x16   --*/
 288          0x00,0x00,0x00,0x00,0x00,0x00,0x3C,0x00,0x42,0x00,0x42,0x00,0x42,0x00,0x24,0x00,
 289          0x18,0x00,0x24,0x00,0x42,0x00,0x42,0x00,0x42,0x00,0x3C,0x00,0x00,0x00,0x00,0x00,
 290          
 291          /*--  ??:  2  --*/
 292          /*--  ??12;  ??????????:?x?=16x16   --*/
 293          0x00,0x00,0x00,0x00,0x00,0x00,0x3C,0x00,0x42,0x00,0x42,0x00,0x42,0x00,0x04,0x00,
 294          0x04,0x00,0x08,0x00,0x10,0x00,0x20,0x00,0x42,0x00,0x7E,0x00,0x00,0x00,0x00,0x00,
 295          
 296          /*--  ??:  6  --*/
 297          /*--  ??12;  ??????????:?x?=16x16   --*/
 298          0x00,0x00,0x00,0x00,0x00,0x00,0x1C,0x00,0x24,0x00,0x40,0x00,0x40,0x00,0x58,0x00,
 299          0x64,0x00,0x42,0x00,0x42,0x00,0x42,0x00,0x24,0x00,0x18,0x00,0x00,0x00,0x00,0x00,
 300          
 301          /*--  ??:  6  --*/
C51 COMPILER V9.53.0.0   ZIMO                                                              07/29/2016 19:21:39 PAGE 6   

 302          /*--  ??12;  ??????????:?x?=16x16   --*/
 303          0x00,0x00,0x00,0x00,0x00,0x00,0x1C,0x00,0x24,0x00,0x40,0x00,0x40,0x00,0x58,0x00,
 304          0x64,0x00,0x42,0x00,0x42,0x00,0x42,0x00,0x24,0x00,0x18,0x00,0x00,0x00,0x00,0x00,
 305          
 306          /*--  ??:  ?  --*/
 307          /*--  ??12;  ??????????:?x?=16x16   --*/
 308          0x11,0x10,0x11,0x10,0x17,0xFC,0x11,0x10,0xFC,0x00,0x13,0xF8,0x32,0x08,0x3B,0xF8,
 309          0x56,0x08,0x53,0xF8,0x90,0x40,0x17,0xFC,0x10,0xA0,0x11,0x10,0x12,0x08,0x14,0x06,
 310          
 311          /*--  ??:  ?  --*/
 312          /*--  ??12;  ??????????:?x?=16x16   --*/
 313          0x10,0x40,0x10,0x40,0x10,0x40,0x13,0xFC,0x10,0x44,0xFC,0x44,0x10,0x44,0x10,0x44,
 314          0x13,0xFE,0x10,0x40,0x10,0xA0,0x1C,0xA0,0xE1,0x10,0x42,0x08,0x04,0x04,0x08,0x02,
 315          
 316          /*--  ??:  ?  --*/
 317          /*--  ??12;  ??????????:?x?=16x16   --*/
 318          0x02,0x00,0x01,0x00,0x7F,0xFE,0x40,0x02,0x88,0x84,0x04,0x80,0x04,0x80,0x10,0x80,
 319          0x08,0x80,0x08,0x80,0xFF,0xFE,0x01,0x40,0x02,0x20,0x04,0x10,0x18,0x08,0x60,0x04,
 320          
 321          /*--  ??:  ?  --*/
 322          /*--  ??12;  ??????????:?x?=16x16   --*/
 323          0x00,0x00,0x01,0xFC,0xFD,0x04,0x11,0x04,0x11,0x24,0x11,0x24,0x11,0x24,0x7D,0x24,
 324          0x11,0x24,0x11,0x54,0x10,0x50,0x10,0x90,0x1C,0x90,0xE1,0x12,0x42,0x12,0x04,0x0E,
 325          
 326          /*--  ??:  ?  --*/
 327          /*--  ??12;  ??????????:?x?=16x16   --*/
 328          0x00,0x00,0x00,0x00,0xFD,0xFC,0x04,0x84,0x44,0x84,0x44,0x84,0x28,0x88,0x28,0x88,
 329          0x10,0x50,0x10,0x50,0x28,0x20,0x28,0x20,0x44,0x50,0x44,0x88,0x81,0x04,0x02,0x02,
 330          
 331          /*--  ??:  ?  --*/
 332          /*--  ??12;  ??????????:?x?=16x16   --*/
 333          0x00,0x00,0x47,0xF8,0x20,0x10,0x21,0xA0,0x00,0x40,0x07,0xFC,0xE4,0x44,0x24,0x44,
 334          0x27,0xFC,0x24,0x44,0x24,0x44,0x27,0xFC,0x24,0x44,0x24,0x54,0x54,0x08,0x8F,0xFE,
 335          
 336          /*--  ??:  ?  --*/
 337          /*--  ??12;  ??????????:?x?=16x16   --*/
 338          0x08,0x40,0x08,0x20,0x0B,0xFE,0x10,0x00,0x10,0x00,0x31,0xFC,0x30,0x00,0x50,0x00,
 339          0x91,0xFC,0x10,0x00,0x10,0x00,0x11,0xFC,0x11,0x04,0x11,0x04,0x11,0xFC,0x11,0x04,
 340          
 341          
 342          };
 343          
 344          
 345          
 346          //显示正在验收项目信息
 347          unsigned char code IntroductionInfo1[][32] = 
 348          {
 349              0x00,0x00,0x00,0x00,0x00,0x00,0x00,0x00,0x00,0x00,0x00,0x00,0x00,0x00,0x00,0x00,
 350          0x00,0x00,0x00,0x00,0x00,0x00,0x00,0x00,0x00,0x00,0x00,0x00,0x00,0x00,0x00,0x00,
 351            
 352            0x00,0x00,0x00,0x00,0x00,0x00,0x00,0x00,0x00,0x00,0x00,0x00,0x00,0x00,0x00,0x00,
 353          0x00,0x00,0x00,0x00,0x00,0x00,0x00,0x00,0x00,0x00,0x00,0x00,0x00,0x00,0x00,0x00,
 354            
 355            0x00,0x00,0x00,0x00,0x00,0x00,0x00,0x00,0x00,0x00,0x00,0x00,0x00,0x00,0x00,0x00,
 356          0x00,0x00,0x00,0x00,0x00,0x00,0x00,0x00,0x00,0x00,0x00,0x00,0x00,0x00,0x00,0x00,
 357            
 358            0x00,0x00,0x00,0x00,0x00,0x00,0x00,0x00,0x00,0x00,0x00,0x00,0x00,0x00,0x00,0x00,
 359          0x00,0x00,0x00,0x00,0x00,0x00,0x00,0x00,0x00,0x00,0x00,0x00,0x00,0x00,0x00,0x00,  
 360            
 361            /*--  ??:  ?  --*/
 362          /*--  ??12;  ??????????:?x?=16x16   --*/
 363          0x00,0x00,0x7F,0xFC,0x01,0x00,0x01,0x00,0x01,0x00,0x01,0x00,0x11,0x00,0x11,0xF8,
C51 COMPILER V9.53.0.0   ZIMO                                                              07/29/2016 19:21:39 PAGE 7   

 364          0x11,0x00,0x11,0x00,0x11,0x00,0x11,0x00,0x11,0x00,0x11,0x00,0xFF,0xFE,0x00,0x00,
 365          
 366          /*--  ??:  ?  --*/
 367          /*--  ??12;  ??????????:?x?=16x16   --*/
 368          0x02,0x00,0x02,0x00,0x04,0x00,0xFF,0xFE,0x08,0x00,0x08,0x40,0x10,0x40,0x30,0x40,
 369          0x57,0xFC,0x90,0x40,0x10,0x40,0x10,0x40,0x10,0x40,0x10,0x40,0x1F,0xFE,0x10,0x00,
 370          
 371          /*--  ??:  ?  --*/
 372          /*--  ??12;  ??????????:?x?=16x16   --*/
 373          0x00,0x90,0x20,0x90,0x10,0x90,0x13,0xFC,0x00,0x90,0x00,0x90,0xF0,0x90,0x17,0xFE,
 374          0x10,0x90,0x10,0x90,0x11,0x10,0x11,0x10,0x12,0x10,0x28,0x00,0x47,0xFE,0x00,0x00,
 375          
 376          /*--  ??:  ?  --*/
 377          /*--  ??12;  ??????????:?x?=16x16   --*/
 378          0x08,0x00,0x09,0xFC,0x10,0x00,0x20,0x00,0x48,0x00,0x08,0x00,0x13,0xFE,0x30,0x20,
 379          0x50,0x20,0x90,0x20,0x10,0x20,0x10,0x20,0x10,0x20,0x10,0x20,0x10,0xA0,0x10,0x40,
 380          
 381          /*--  ??:  ?  --*/
 382          /*--  ??12;  ??????????:?x?=16x16   --*/
 383          0x01,0x00,0x01,0x00,0x01,0x00,0x01,0x00,0x01,0x00,0xFF,0xFE,0x01,0x00,0x01,0x00,
 384          0x02,0x80,0x02,0x80,0x04,0x40,0x04,0x40,0x08,0x20,0x10,0x10,0x20,0x08,0xC0,0x06,
 385          
 386          /*--  ??:  ?  --*/
 387          /*--  ??12;  ??????????:?x?=16x16   --*/
 388          0x22,0x08,0x11,0x08,0x11,0x10,0x00,0x20,0x7F,0xFE,0x40,0x02,0x80,0x04,0x1F,0xE0,
 389          0x00,0x40,0x01,0x80,0xFF,0xFE,0x01,0x00,0x01,0x00,0x01,0x00,0x05,0x00,0x02,0x00,
 390          
 391          /*--  ??:  ?  --*/
 392          /*--  ??12;  ??????????:?x?=16x16   --*/
 393          0x01,0x00,0x11,0x00,0x11,0x00,0x11,0x00,0x3F,0xFC,0x21,0x00,0x41,0x00,0x81,0x00,
 394          0x01,0x00,0x3F,0xF8,0x01,0x00,0x01,0x00,0x01,0x00,0x01,0x00,0xFF,0xFE,0x00,0x00,
 395          
 396          /*--  ??:  ?  --*/
 397          /*--  ??12;  ??????????:?x?=16x16   --*/
 398          0x08,0x10,0x1D,0x10,0xF0,0x90,0x10,0x90,0x10,0x10,0xFD,0x10,0x10,0x90,0x38,0x90,
 399          0x34,0x10,0x50,0x1E,0x53,0xF0,0x90,0x10,0x10,0x10,0x10,0x10,0x10,0x10,0x10,0x10,
 400          
 401          /*--  ??:  ?  --*/
 402          /*--  ??12;  ??????????:?x?=16x16   --*/
 403          0x10,0x20,0x10,0x20,0x10,0x20,0x13,0xFE,0xFC,0x20,0x10,0x20,0x10,0x20,0x15,0xFC,
 404          0x18,0x84,0x30,0x88,0xD0,0x48,0x10,0x50,0x10,0x20,0x10,0x50,0x51,0x88,0x26,0x06,
 405          
 406          /*--  ??:  ?  --*/
 407          /*--  ??12;  ??????????:?x?=16x16   --*/
 408          0x02,0x00,0x01,0x00,0x01,0x00,0x00,0x00,0x7F,0xFC,0x00,0x00,0x00,0x10,0x10,0x10,
 409          0x08,0x20,0x08,0x20,0x04,0x40,0x04,0x40,0x04,0x80,0x00,0x00,0xFF,0xFE,0x00,0x00,
 410          
 411          /*--  ??:  ?  --*/
 412          /*--  ??12;  ??????????:?x?=16x16   --*/
 413          0x00,0x00,0x01,0xFE,0x00,0x20,0xFC,0x40,0x11,0xFC,0x11,0x04,0x11,0x24,0x11,0x24,
 414          0x11,0x24,0x11,0x24,0x11,0x24,0x1D,0x44,0xE0,0x50,0x40,0x88,0x01,0x04,0x02,0x02,
 415          
 416          /*--  ??:  ?  --*/
 417          /*--  ??12;  ??????????:?x?=16x16   --*/
 418          0x00,0x00,0x01,0xFE,0x00,0x20,0xFC,0x40,0x11,0xFC,0x11,0x04,0x11,0x24,0x11,0x24,
 419          0x11,0x24,0x11,0x24,0x11,0x24,0x1D,0x44,0xE0,0x50,0x40,0x88,0x01,0x04,0x02,0x02,
 420          
 421          /*--  ??:  ?  --*/
 422          /*--  ??12;  ??????????:?x?=16x16   --*/
 423          0x00,0x00,0x3F,0xF8,0x20,0x08,0x20,0x08,0x20,0x08,0x3F,0xF8,0x20,0x08,0x20,0x08,
 424          0x20,0x08,0x3F,0xF8,0x20,0x08,0x20,0x08,0x20,0x08,0x20,0x08,0x3F,0xF8,0x20,0x08,
 425          
C51 COMPILER V9.53.0.0   ZIMO                                                              07/29/2016 19:21:39 PAGE 8   

 426          /*--  ??:  ?  --*/
 427          /*--  ??12;  ??????????:?x?=16x16   --*/
 428          0x00,0x20,0xF8,0x20,0x08,0x50,0x48,0x50,0x48,0x88,0x49,0x04,0x4A,0xFA,0x7C,0x00,
 429          0x04,0x44,0x04,0x24,0x1D,0x24,0xE4,0xA8,0x44,0x88,0x04,0x10,0x2B,0xFE,0x10,0x00,
 430          
 431          /*--  ??:  ?  --*/
 432          /*--  ??12;  ??????????:?x?=16x16   --*/
 433          0x08,0x40,0x08,0x40,0x48,0x40,0x48,0x80,0x48,0xFE,0x49,0x08,0x4A,0x88,0x48,0x88,
 434          0x48,0x88,0x58,0x50,0x68,0x50,0x48,0x20,0x08,0x50,0x08,0x88,0x09,0x04,0x0A,0x02,
 435          
 436          
 437          };
 438          
 439          unsigned char code ThankInfo[][32] = 
 440          {
 441              0x00,0x00,0x00,0x00,0x00,0x00,0x00,0x00,0x00,0x00,0x00,0x00,0x00,0x00,0x00,0x00,
 442          0x00,0x00,0x00,0x00,0x00,0x00,0x00,0x00,0x00,0x00,0x00,0x00,0x00,0x00,0x00,0x00,
 443            
 444            0x00,0x00,0x00,0x00,0x00,0x00,0x00,0x00,0x00,0x00,0x00,0x00,0x00,0x00,0x00,0x00,
 445          0x00,0x00,0x00,0x00,0x00,0x00,0x00,0x00,0x00,0x00,0x00,0x00,0x00,0x00,0x00,0x00,
 446            
 447            0x00,0x00,0x00,0x00,0x00,0x00,0x00,0x00,0x00,0x00,0x00,0x00,0x00,0x00,0x00,0x00,
 448          0x00,0x00,0x00,0x00,0x00,0x00,0x00,0x00,0x00,0x00,0x00,0x00,0x00,0x00,0x00,0x00,
 449            
 450            0x00,0x00,0x00,0x00,0x00,0x00,0x00,0x00,0x00,0x00,0x00,0x00,0x00,0x00,0x00,0x00,
 451          0x00,0x00,0x00,0x00,0x00,0x00,0x00,0x00,0x00,0x00,0x00,0x00,0x00,0x00,0x00,0x00,
 452            
 453            
 454              /*--  ??:  ?  --*/
 455          /*--  ??12;  ??????????:?x?=16x16   --*/
 456          0x00,0x28,0x00,0x24,0x3F,0xFE,0x20,0x20,0x2F,0xA4,0x20,0x24,0x2F,0xA8,0x28,0x98,
 457          0x28,0x92,0x4F,0xAA,0x40,0x46,0x80,0x82,0x01,0x00,0x48,0x84,0x48,0x12,0x87,0xF2,
 458          
 459          /*--  ??:  ?  --*/
 460          /*--  ??12;  ??????????:?x?=16x16   --*/
 461          0x01,0x08,0x42,0x08,0x27,0x88,0x24,0x88,0x07,0xBE,0x04,0x88,0xE7,0x88,0x24,0xC8,
 462          0x24,0xA8,0x2F,0xA8,0x21,0x88,0x2A,0x88,0x34,0x88,0x28,0x88,0x02,0xA8,0x01,0x10,
 463          
 464          /*--  ??:  ?  --*/
 465          /*--  ??12;  ??????????:?x?=16x16   --*/
 466          0x04,0x00,0x04,0x00,0x0F,0xF0,0x18,0x20,0x24,0xC0,0x03,0x00,0x0C,0xC0,0x30,0x30,
 467          0xC0,0x0E,0x1F,0xF0,0x10,0x10,0x10,0x10,0x10,0x10,0x10,0x10,0x1F,0xF0,0x10,0x10,
 468          
 469          /*--  ??:  ?  --*/
 470          /*--  ??12;  ??????????:?x?=16x16   --*/
 471          0x08,0x80,0x08,0x40,0x08,0x40,0x10,0x00,0x17,0xFC,0x30,0x00,0x30,0x08,0x52,0x08,
 472          0x92,0x08,0x11,0x10,0x11,0x10,0x11,0x10,0x11,0x20,0x10,0x20,0x1F,0xFE,0x10,0x00,
 473          
 474          /*--  ??:  ?  --*/
 475          /*--  ??12;  ??????????:?x?=16x16   --*/
 476          0x02,0x00,0x02,0x08,0x3F,0xD0,0x02,0x20,0x02,0x40,0xFF,0xFE,0x01,0x00,0x02,0x00,
 477          0x0C,0x10,0x18,0xE0,0x2F,0x00,0x48,0x08,0x88,0x08,0x08,0x08,0x07,0xF8,0x00,0x00,
 478          
 479          /*--  ??:  ?  --*/
 480          /*--  ??12;  ??????????:?x?=16x16   --*/
 481          0x08,0x00,0x0B,0xFE,0x48,0x20,0x48,0x20,0x48,0x20,0x49,0xFC,0x49,0x24,0x49,0x24,
 482          0x49,0x24,0x49,0x24,0x49,0x24,0x09,0x34,0x11,0x28,0x10,0x20,0x20,0x20,0x40,0x20,
 483          
 484          /*--  ??:  ?  --*/
 485          /*--  ??12;  ??????????:?x?=16x16   --*/
 486          0x10,0x40,0x10,0x40,0x20,0xA0,0x21,0x10,0x4A,0x08,0xF4,0x06,0x13,0xF8,0x20,0x00,
 487          0x40,0x00,0xFB,0xF8,0x42,0x08,0x02,0x08,0x1A,0x08,0xE2,0x08,0x43,0xF8,0x02,0x08,
C51 COMPILER V9.53.0.0   ZIMO                                                              07/29/2016 19:21:39 PAGE 9   

 488          
 489          /*--  ??:  ?  --*/
 490          /*--  ??12;  ??????????:?x?=16x16   --*/
 491          0x04,0x40,0x0E,0x50,0x78,0x48,0x08,0x48,0x08,0x40,0xFF,0xFE,0x08,0x40,0x08,0x44,
 492          0x0A,0x44,0x0C,0x48,0x18,0x30,0x68,0x22,0x08,0x52,0x08,0x8A,0x2B,0x06,0x10,0x02,
 493          
 494          /*--  ??:  ?  --*/
 495          /*--  ??12;  ??????????:?x?=16x16   --*/
 496          0x09,0x00,0x08,0x80,0x08,0xBC,0x12,0x04,0x12,0x04,0x32,0x04,0x32,0x04,0x52,0x04,
 497          0x92,0x04,0x12,0x04,0x12,0x04,0x12,0x04,0x12,0x04,0x12,0x04,0x12,0x14,0x12,0x08,
 498          
 499          /*--  ??:  ?  --*/
 500          /*--  ??12;  ??????????:?x?=16x16   --*/
 501          0x08,0x10,0x1D,0x10,0xF0,0x90,0x10,0x90,0x10,0x10,0xFD,0x10,0x10,0x90,0x38,0x90,
 502          0x34,0x10,0x50,0x1E,0x53,0xF0,0x90,0x10,0x10,0x10,0x10,0x10,0x10,0x10,0x10,0x10,
 503          
 504          /*--  ??:  ?  --*/
 505          /*--  ??12;  ??????????:?x?=16x16   --*/
 506          0x10,0x20,0x10,0x20,0x10,0x20,0x13,0xFE,0xFC,0x20,0x10,0x20,0x10,0x20,0x15,0xFC,
 507          0x18,0x84,0x30,0x88,0xD0,0x48,0x10,0x50,0x10,0x20,0x10,0x50,0x51,0x88,0x26,0x06,
 508          
 509          /*--  ??:  ?  --*/
 510          /*--  ??12;  ??????????:?x?=16x16   --*/
 511          0x02,0x00,0x01,0x00,0x01,0x00,0x00,0x00,0x7F,0xFC,0x00,0x00,0x00,0x10,0x10,0x10,
 512          0x08,0x20,0x08,0x20,0x04,0x40,0x04,0x40,0x04,0x80,0x00,0x00,0xFF,0xFE,0x00,0x00,
 513          
 514          /*--  ??:  ?  --*/
 515          /*--  ??12;  ??????????:?x?=16x16   --*/
 516          0x00,0x00,0x01,0xFE,0x00,0x20,0xFC,0x40,0x11,0xFC,0x11,0x04,0x11,0x24,0x11,0x24,
 517          0x11,0x24,0x11,0x24,0x11,0x24,0x1D,0x44,0xE0,0x50,0x40,0x88,0x01,0x04,0x02,0x02,
 518          
 519          /*--  ??:  ?  --*/
 520          /*--  ??12;  ??????????:?x?=16x16   --*/
 521          0x10,0x40,0x10,0x40,0x20,0x40,0x7E,0x7C,0x42,0x84,0x42,0x84,0x43,0x04,0x42,0x44,
 522          0x7E,0x24,0x42,0x24,0x42,0x04,0x42,0x04,0x42,0x04,0x7E,0x04,0x42,0x28,0x00,0x10,
 523          
 524          /*--  ??:  ?  --*/
 525          /*--  ??12;  ??????????:?x?=16x16   --*/
 526          0x10,0x00,0x11,0xF0,0x11,0x10,0x11,0x10,0xFD,0x10,0x11,0x10,0x31,0x10,0x39,0x10,
 527          0x55,0x10,0x55,0x10,0x91,0x10,0x11,0x12,0x11,0x12,0x12,0x12,0x12,0x0E,0x14,0x00,
 528          
 529          /*--  ??:  ?  --*/
 530          /*--  ??12;  ??????????:?x?=16x16   --*/
 531          0x01,0x00,0x01,0x00,0x02,0x80,0x04,0x40,0x08,0x20,0x30,0x18,0xCF,0xE6,0x00,0x00,
 532          0x00,0x00,0x7F,0xFC,0x02,0x00,0x04,0x00,0x08,0x20,0x10,0x10,0x3F,0xF8,0x10,0x08,
 533          
 534          /*--  ??:  !  --*/
 535          /*--  ??12;  ??????????:?x?=16x16   --*/
 536          0x00,0x00,0x10,0x00,0x10,0x00,0x10,0x00,0x10,0x00,0x10,0x00,0x10,0x00,0x10,0x00,
 537          0x10,0x00,0x10,0x00,0x00,0x00,0x00,0x00,0x10,0x00,0x10,0x00,0x00,0x00,0x00,0x00,
 538          
 539          
 540          };
 541          
 542          
 543          unsigned char code InitInfo[][32] = 
 544          {
 545              0x00,0x00,0x00,0x00,0x00,0x00,0x00,0x00,0x00,0x00,0x00,0x00,0x00,0x00,0x00,0x00,
 546          0x00,0x00,0x00,0x00,0x00,0x00,0x00,0x00,0x00,0x00,0x00,0x00,0x00,0x00,0x00,0x00,
 547            
 548            0x00,0x00,0x00,0x00,0x00,0x00,0x00,0x00,0x00,0x00,0x00,0x00,0x00,0x00,0x00,0x00,
 549          0x00,0x00,0x00,0x00,0x00,0x00,0x00,0x00,0x00,0x00,0x00,0x00,0x00,0x00,0x00,0x00,
C51 COMPILER V9.53.0.0   ZIMO                                                              07/29/2016 19:21:39 PAGE 10  

 550            
 551            0x00,0x00,0x00,0x00,0x00,0x00,0x00,0x00,0x00,0x00,0x00,0x00,0x00,0x00,0x00,0x00,
 552          0x00,0x00,0x00,0x00,0x00,0x00,0x00,0x00,0x00,0x00,0x00,0x00,0x00,0x00,0x00,0x00,
 553            
 554            0x00,0x00,0x00,0x00,0x00,0x00,0x00,0x00,0x00,0x00,0x00,0x00,0x00,0x00,0x00,0x00,
 555          0x00,0x00,0x00,0x00,0x00,0x00,0x00,0x00,0x00,0x00,0x00,0x00,0x00,0x00,0x00,0x00,
 556            
 557          };
 558          
 559          
 560          
 561          
 562          
 563          
 564          /*以下为中文数字字模*/
 565          unsigned char code ChineseNum[][32] = 
 566          {
 567          /*--  ??:  零  --*/
 568          /*--  ???12;  ??????????:?x?=16x16   --*/
 569          0x3F,0xF8,0x01,0x00,0x7F,0xFE,0x41,0x02,0x9D,0x74,0x01,0x00,0x1D,0x70,0x02,0x80,
 570          0x0C,0x60,0x32,0x18,0xC1,0x06,0x1F,0xE0,0x00,0x20,0x06,0x40,0x01,0x80,0x00,0x40,
 571          /*--  ??: 一   --*/
 572          /*--  ???12;  ??????????:?x?=16x16   --*/
 573          0x00,0x00,0x00,0x00,0x00,0x00,0x00,0x00,0x00,0x00,0x00,0x00,0x00,0x00,0xFF,0xFE,
 574          0x00,0x00,0x00,0x00,0x00,0x00,0x00,0x00,0x00,0x00,0x00,0x00,0x00,0x00,0x00,0x00,
 575          /*--  ??:  ? 二 --*/
 576          /*--  ???12;  ??????????:?x?=16x16   --*/
 577          0x00,0x00,0x00,0x00,0x00,0x00,0x3F,0xF8,0x00,0x00,0x00,0x00,0x00,0x00,0x00,0x00,
 578          0x00,0x00,0x00,0x00,0x00,0x00,0x00,0x00,0xFF,0xFE,0x00,0x00,0x00,0x00,0x00,0x00,
 579          /*--  ??:  ? 三 --*/
 580          /*--  ???12;  ??????????:?x?=16x16   --*/
 581          0x00,0x00,0x00,0x00,0x7F,0xFC,0x00,0x00,0x00,0x00,0x00,0x00,0x00,0x00,0x3F,0xF8,
 582          0x00,0x00,0x00,0x00,0x00,0x00,0x00,0x00,0x00,0x00,0xFF,0xFE,0x00,0x00,0x00,0x00,
 583          /*--  ??:  ? 四 --*/
 584          /*--  ???12;  ??????????:?x?=16x16   --*/
 585          0x00,0x00,0x00,0x00,0x7F,0xFC,0x44,0x44,0x44,0x44,0x44,0x44,0x44,0x44,0x44,0x44,
 586          0x48,0x44,0x48,0x3C,0x50,0x04,0x60,0x04,0x40,0x04,0x7F,0xFC,0x40,0x04,0x00,0x00,
 587          /*--  ??:  ? 五 --*/
 588          /*--  ???12;  ??????????:?x?=16x16   --*/
 589          0x00,0x00,0x7F,0xFC,0x02,0x00,0x02,0x00,0x02,0x00,0x02,0x00,0x3F,0xF0,0x04,0x10,
 590          0x04,0x10,0x04,0x10,0x04,0x10,0x08,0x10,0x08,0x10,0x08,0x10,0xFF,0xFE,0x00,0x00,
 591          /*--  ??:  ?六  --*/
 592          /*--  ???12;  ??????????:?x?=16x16   --*/
 593          0x02,0x00,0x01,0x00,0x00,0x80,0x00,0x80,0x00,0x00,0xFF,0xFE,0x00,0x00,0x00,0x00,
 594          0x04,0x40,0x04,0x20,0x08,0x10,0x08,0x08,0x10,0x08,0x20,0x04,0x40,0x04,0x00,0x00,
 595          /*--  ??:  ?  七--*/
 596          /*--  ???12;  ??????????:?x?=16x16   --*/
 597          0x02,0x00,0x02,0x00,0x02,0x00,0x02,0x00,0x02,0x00,0x02,0x3C,0x07,0xC0,0xFA,0x00,
 598          0x02,0x00,0x02,0x00,0x02,0x00,0x02,0x04,0x02,0x04,0x02,0x04,0x01,0xFC,0x00,0x00,
 599          /*--  ??:  ?  八--*/
 600          /*--  ???12;  ??????????:?x?=16x16   --*/
 601          0x00,0x00,0x00,0x40,0x04,0x40,0x04,0x40,0x04,0x40,0x04,0x40,0x04,0x40,0x04,0x20,
 602          0x08,0x20,0x08,0x20,0x08,0x10,0x10,0x10,0x10,0x08,0x20,0x08,0x20,0x04,0x40,0x02,
 603          /*--  ??:  ? 九 --*/
 604          /*--  ???12;  ??????????:?x?=16x16   --*/
 605          0x04,0x00,0x04,0x00,0x04,0x00,0x04,0x00,0x7F,0xE0,0x04,0x20,0x04,0x20,0x04,0x20,
 606          0x08,0x20,0x08,0x20,0x08,0x20,0x10,0x22,0x10,0x22,0x20,0x22,0x40,0x1E,0x80,0x00,
 607          };
 608          
 609          
 610          
 611          
C51 COMPILER V9.53.0.0   ZIMO                                                              07/29/2016 19:21:39 PAGE 11  

 612          
 613          /*************************************************/
 614          
 615          /////*无信息打印时*/
 616          //unsigned char code NULLInfo[][32] = 
 617          //{
 618          //      0x00,0x00,0x00,0x00,0x00,0x00,0x00,0x00,0x00,0x00,0x00,0x00,0x00,0x00,0x00,0x00,
 619          //0x00,0x00,0x00,0x00,0x00,0x00,0x00,0x00,0x00,0x00,0x00,0x00,0x00,0x00,0x00,0x00,
 620          //  
 621          //  0x00,0x00,0x00,0x00,0x00,0x00,0x00,0x00,0x00,0x00,0x00,0x00,0x00,0x00,0x00,0x00,
 622          //0x00,0x00,0x00,0x00,0x00,0x00,0x00,0x00,0x00,0x00,0x00,0x00,0x00,0x00,0x00,0x00,
 623          //  
 624          //  0x00,0x00,0x00,0x00,0x00,0x00,0x00,0x00,0x00,0x00,0x00,0x00,0x00,0x00,0x00,0x00,
 625          //0x00,0x00,0x00,0x00,0x00,0x00,0x00,0x00,0x00,0x00,0x00,0x00,0x00,0x00,0x00,0x00,
 626          //  
 627          //  0x00,0x00,0x00,0x00,0x00,0x00,0x00,0x00,0x00,0x00,0x00,0x00,0x00,0x00,0x00,0x00,
 628          //0x00,0x00,0x00,0x00,0x00,0x00,0x00,0x00,0x00,0x00,0x00,0x00,0x00,0x00,0x00,0x00,
 629          //};
 630          
 631          
 632          unsigned char code TmpInfo[][32] = 
 633          {
 634            0x00,0x00,0x00,0x00,0x00,0x00,0x00,0x00,0x00,0x00,0x00,0x00,0x00,0x00,0x00,0x00,
 635          0x00,0x00,0x00,0x00,0x00,0x00,0x00,0x00,0x00,0x00,0x00,0x00,0x00,0x00,0x00,0x00,
 636            
 637            0x00,0x00,0x00,0x00,0x00,0x00,0x00,0x00,0x00,0x00,0x00,0x00,0x00,0x00,0x00,0x00,
 638          0x00,0x00,0x00,0x00,0x00,0x00,0x00,0x00,0x00,0x00,0x00,0x00,0x00,0x00,0x00,0x00,
 639            
 640            0x00,0x00,0x00,0x00,0x00,0x00,0x00,0x00,0x00,0x00,0x00,0x00,0x00,0x00,0x00,0x00,
 641          0x00,0x00,0x00,0x00,0x00,0x00,0x00,0x00,0x00,0x00,0x00,0x00,0x00,0x00,0x00,0x00,
 642            
 643            0x00,0x00,0x00,0x00,0x00,0x00,0x00,0x00,0x00,0x00,0x00,0x00,0x00,0x00,0x00,0x00,
 644          0x00,0x00,0x00,0x00,0x00,0x00,0x00,0x00,0x00,0x00,0x00,0x00,0x00,0x00,0x00,0x00,
 645            
 646            
 647              /*--  ??:  ?  --*/
 648          /*--  ??12;  ??????????:?x?=16x16   --*/
 649          0x01,0x00,0x21,0x08,0x11,0x08,0x09,0x10,0x09,0x20,0x01,0x00,0x7F,0xF8,0x00,0x08,
 650          0x00,0x08,0x00,0x08,0x3F,0xF8,0x00,0x08,0x00,0x08,0x00,0x08,0x7F,0xF8,0x00,0x08,
 651          
 652          /*--  ??:  ?  --*/
 653          /*--  ??12;  ??????????:?x?=16x16   --*/
 654          0x10,0x10,0x08,0x10,0x08,0x20,0xFF,0xFE,0x00,0x00,0x3E,0x08,0x22,0x48,0x22,0x48,
 655          0x3E,0x48,0x22,0x48,0x22,0x48,0x3E,0x48,0x22,0x08,0x22,0x08,0x2A,0x28,0x24,0x10,
 656          
 657          /*--  ??:  ?  --*/
 658          /*--  ??12;  ??????????:?x?=16x16   --*/
 659          0x00,0x00,0x23,0xF8,0x12,0x08,0x12,0x08,0x83,0xF8,0x42,0x08,0x42,0x08,0x13,0xF8,
 660          0x10,0x00,0x27,0xFC,0xE4,0xA4,0x24,0xA4,0x24,0xA4,0x24,0xA4,0x2F,0xFE,0x00,0x00,
 661          
 662          
 663          /*--  ??:  ?  --*/
 664          /*--  ??12;  ??????????:?x?=16x16   --*/
 665          0x01,0x00,0x00,0x80,0x3F,0xFE,0x22,0x20,0x22,0x20,0x3F,0xFC,0x22,0x20,0x22,0x20,
 666          0x23,0xE0,0x20,0x00,0x2F,0xF0,0x24,0x10,0x42,0x20,0x41,0xC0,0x86,0x30,0x38,0x0E,
 667          
 668          /*--  ??:  :  --*/
 669          /*--  ??12;  ??????????:?x?=16x16   --*/
 670          0x00,0x00,0x00,0x00,0x00,0x00,0x00,0x00,0x00,0x00,0x00,0x00,0x00,0x00,0x00,0x00,
 671          0x00,0x00,0x30,0x00,0x30,0x00,0x00,0x00,0x30,0x00,0x30,0x00,0x00,0x00,0x00,0x00,
 672          
 673          };
C51 COMPILER V9.53.0.0   ZIMO                                                              07/29/2016 19:21:39 PAGE 12  

 674          
 675          
 676          /*以下中文内容为：实时时间：*/
 677          unsigned char code TimeInfo[][32] = 
 678          {
 679            
 680            0x00,0x00,0x00,0x00,0x00,0x00,0x00,0x00,0x00,0x00,0x00,0x00,0x00,0x00,0x00,0x00,
 681          0x00,0x00,0x00,0x00,0x00,0x00,0x00,0x00,0x00,0x00,0x00,0x00,0x00,0x00,0x00,0x00,
 682            
 683            0x00,0x00,0x00,0x00,0x00,0x00,0x00,0x00,0x00,0x00,0x00,0x00,0x00,0x00,0x00,0x00,
 684          0x00,0x00,0x00,0x00,0x00,0x00,0x00,0x00,0x00,0x00,0x00,0x00,0x00,0x00,0x00,0x00,
 685            
 686            0x00,0x00,0x00,0x00,0x00,0x00,0x00,0x00,0x00,0x00,0x00,0x00,0x00,0x00,0x00,0x00,
 687          0x00,0x00,0x00,0x00,0x00,0x00,0x00,0x00,0x00,0x00,0x00,0x00,0x00,0x00,0x00,0x00,
 688            
 689            0x00,0x00,0x00,0x00,0x00,0x00,0x00,0x00,0x00,0x00,0x00,0x00,0x00,0x00,0x00,0x00,
 690          0x00,0x00,0x00,0x00,0x00,0x00,0x00,0x00,0x00,0x00,0x00,0x00,0x00,0x00,0x00,0x00,
 691            
 692          /*--  ??:  ?  --*/
 693          /*--  ??12;  ??????????:?x?=16x16   --*/
 694          0x02,0x00,0x01,0x00,0x7F,0xFE,0x40,0x02,0x88,0x84,0x04,0x80,0x04,0x80,0x10,0x80,
 695          0x08,0x80,0x08,0x80,0xFF,0xFE,0x01,0x40,0x02,0x20,0x04,0x10,0x18,0x08,0x60,0x04,
 696          
 697          /*--  ??:  ?  --*/
 698          /*--  ??12;  ??????????:?x?=16x16   --*/
 699          0x00,0x08,0x00,0x08,0x7C,0x08,0x44,0x08,0x45,0xFE,0x44,0x08,0x44,0x08,0x7C,0x08,
 700          0x44,0x88,0x44,0x48,0x44,0x48,0x44,0x08,0x7C,0x08,0x44,0x08,0x00,0x28,0x00,0x10,
 701          
 702          
 703          
 704          /*--  ??:  ?  --*/
 705          /*--  ??12;  ??????????:?x?=16x16   --*/
 706          0x00,0x08,0x00,0x08,0x7C,0x08,0x44,0x08,0x45,0xFE,0x44,0x08,0x44,0x08,0x7C,0x08,
 707          0x44,0x88,0x44,0x48,0x44,0x48,0x44,0x08,0x7C,0x08,0x44,0x08,0x00,0x28,0x00,0x10,
 708          
 709          /*--  ??:  ?  --*/
 710          /*--  ??12;  ??????????:?x?=16x16   --*/
 711          0x20,0x00,0x13,0xFC,0x10,0x04,0x40,0x04,0x47,0xC4,0x44,0x44,0x44,0x44,0x44,0x44,
 712          0x47,0xC4,0x44,0x44,0x44,0x44,0x44,0x44,0x47,0xC4,0x40,0x04,0x40,0x14,0x40,0x08,
 713          
 714          /*--  ??:  :  --*/
 715          /*--  ??12;  ??????????:?x?=16x16   --*/
 716          0x00,0x00,0x00,0x00,0x00,0x00,0x00,0x00,0x00,0x00,0x00,0x00,0x00,0x00,0x00,0x00,
 717          0x00,0x00,0x30,0x00,0x30,0x00,0x00,0x00,0x30,0x00,0x30,0x00,0x00,0x00,0x00,0x00,
 718          
 719            
 720          };
 721          
 722          //常用ASCII码
 723          unsigned char code ASCII[][32] = 
 724          {
 725          
 726          /*--  ??:     --*/
 727          /*--  ?????????12;  ??????????:?x?=13x18   --*/
 728          /*--  ????8???,????:??x??=16x18  --*/
 729          0x00,0x00,0x00,0x00,0x00,0x00,0x00,0x00,0x00,0x00,0x00,0x00,0x00,0x00,0x00,0x00,
 730          0x00,0x00,0x00,0x00,0x00,0x00,0x00,0x00,0x00,0x00,0x00,0x00,0x00,0x00,0x00,0x00,
 731          
 732          /*--  ??:  !  --*/
 733          /*--  ?????????12;  ??????????:?x?=13x18   --*/
 734          /*--  ????8???,????:??x??=16x18  --*/
 735          0x00,0x00,0x00,0x00,0x60,0x00,0x60,0x00,0x60,0x00,0x60,0x00,0x60,0x00,0x60,0x00,
C51 COMPILER V9.53.0.0   ZIMO                                                              07/29/2016 19:21:39 PAGE 13  

 736          0x60,0x00,0x60,0x00,0x60,0x00,0x00,0x00,0x00,0x00,0x60,0x00,0x00,0x00,0x00,0x00,
 737          
 738          /*--  ??:  "  --*/
 739          /*--  ?????????12;  ??????????:?x?=13x18   --*/
 740          /*--  ????8???,????:??x??=16x18  --*/
 741          0x00,0x00,0x00,0x00,0x70,0x00,0x70,0x00,0x70,0x00,0x70,0x00,0x70,0x00,0x00,0x00,
 742          0x00,0x00,0x00,0x00,0x00,0x00,0x00,0x00,0x00,0x00,0x00,0x00,0x00,0x00,0x00,0x00,
 743          
 744          /*--  ??:  #  --*/
 745          /*--  ?????????12;  ??????????:?x?=13x18   --*/
 746          /*--  ????8???,????:??x??=16x18  --*/
 747          0x00,0x00,0x00,0x00,0x0D,0x80,0x0D,0x80,0x0D,0x80,0x09,0x80,0x7F,0xE0,0x1B,0x00,
 748          0x1B,0x00,0x1B,0x00,0xFF,0xC0,0x36,0x00,0x36,0x00,0x36,0x00,0x00,0x00,0x00,0x00,
 749          
 750          /*--  ??:  $  --*/
 751          /*--  ?????????12;  ??????????:?x?=13x18   --*/
 752          /*--  ????8???,????:??x??=16x18  --*/
 753          0x00,0x00,0x0C,0x00,0x1E,0x00,0x7F,0x80,0x6D,0xC0,0x6C,0xC0,0x6C,0x00,0x7C,0x00,
 754          0x1F,0x00,0x0F,0xC0,0x0C,0xC0,0xCC,0xC0,0x6C,0xC0,0x7D,0xC0,0x3F,0x80,0x0C,0x00,
 755          
 756          /*--  ??:  %  --*/
 757          /*--  ?????????12;  ??????????:?x?=13x18   --*/
 758          /*--  ????8???,????:??x??=16x18  --*/
 759          0x00,0x00,0x00,0x00,0x3C,0x30,0x6E,0x30,0x66,0x60,0x46,0xC0,0x66,0xC0,0x6F,0x80,
 760          0x3D,0x80,0x03,0x78,0x03,0x60,0x06,0xC0,0x06,0x40,0x0C,0x68,0x0C,0x78,0x00,0x00,
 761          
 762          /*--  ??:  &  --*/
 763          /*--  ?????????12;  ??????????:?x?=13x18   --*/
 764          /*--  ????8???,????:??x??=16x18  --*/
 765          0x00,0x00,0x00,0x00,0x0F,0x00,0x1B,0x80,0x31,0x80,0x31,0x80,0x1B,0x80,0x1F,0x00,
 766          0x3E,0x30,0x77,0x30,0x63,0xB0,0x41,0xE0,0x60,0xE0,0x61,0xF0,0x3F,0x98,0x00,0x00,
 767          
 768          /*--  ??:  '  --*/
 769          /*--  ?????????12;  ??????????:?x?=13x18   --*/
 770          /*--  ????8???,????:??x??=16x18  --*/
 771          0x00,0x00,0xC0,0x00,0xC0,0x00,0xC0,0x00,0xC0,0x00,0xC0,0x00,0x00,0x00,
 772          0x00,0x00,0x00,0x00,0x00,0x00,0x00,0x00,0x00,0x00,0x00,0x00,0x00,0x00,0x00,0x00,0x00,0x00,
 773          
 774          /*--  ??:  (  --*/
 775          /*--  ?????????12;  ??????????:?x?=13x18   --*/
 776          /*--  ????8???,????:??x??=16x18  --*/
 777          0x00,0x00,0x1C,0x00,0x18,0x00,0x30,0x00,0x30,0x00,0x60,0x00,0x60,0x00,0x60,0x00,
 778          0x60,0x00,0x60,0x00,0x60,0x00,0x60,0x00,0x60,0x00,0x20,0x00,0x30,0x00,0x18,0x00,
 779          
 780          /*--  ??:  )  --*/
 781          /*--  ?????????12;  ??????????:?x?=13x18   --*/
 782          /*--  ????8???,????:??x??=16x18  --*/
 783          0x00,0x00,0xC0,0x00,0x60,0x00,0x30,0x00,0x30,0x00,0x18,0x00,0x18,0x00,0x18,0x00,
 784          0x18,0x00,0x18,0x00,0x18,0x00,0x18,0x00,0x18,0x00,0x30,0x00,0x30,0x00,0x60,0x00,
 785          
 786          /*--  ??:  *  --*/
 787          /*--  ?????????12;  ??????????:?x?=13x18   --*/
 788          /*--  ????8???,????:??x??=16x18  --*/
 789          0x00,0x00,0x18,0x00,0x18,0x00,0xFE,0x00,0x38,0x00,0x3C,0x00,0x64,0x00,
 790          0x00,0x00,0x00,0x00,0x00,0x00,0x00,0x00,0x00,0x00,0x00,0x00,0x00,0x00,0x00,0x00,0x00,0x00,
 791          
 792          /*--  ??:  +  --*/
 793          /*--  ?????????12;  ??????????:?x?=13x18   --*/
 794          /*--  ????8???,????:??x??=16x18  --*/
 795          0x00,0x00,0x00,0x00,0x00,0x00,0x0C,0x00,0x0C,0x00,0x0C,0x00,0x0C,0x00,
 796          0xFF,0xC0,0x0C,0x00,0x0C,0x00,0x0C,0x00,0x0C,0x00,0x00,0x00,0x00,0x00,0x00,0x00,0x00,0x00,
 797          
C51 COMPILER V9.53.0.0   ZIMO                                                              07/29/2016 19:21:39 PAGE 14  

 798          /*--  ??:  ,  --*/
 799          /*--  ?????????12;  ??????????:?x?=13x18   --*/
 800          /*--  ????8???,????:??x??=16x18  --*/
 801          0x00,0x00,0x00,0x00,0x00,0x00,0x00,0x00,0x00,0x00,0x00,0x00,0x00,0x00,
 802          0x00,0x00,0x00,0x00,0x00,0x00,0x00,0x00,0x00,0x00,0x30,0x00,0x30,0x00,0x30,0x00,0x00,0x00,
 803          
 804          /*--  ??:  -  --*/
 805          /*--  ?????????12;  ??????????:?x?=13x18   --*/
 806          /*--  ????8???,????:??x??=16x18  --*/
 807          0x00,0x00,0x00,0x00,0x00,0x00,0x00,0x00,0x00,0x00,0x00,0x00,0x00,0x00,0x00,0x00,
 808          0xFC,0x00,0x00,0x00,0x00,0x00,0x00,0x00,0x00,0x00,0x00,0x00,0x00,0x00,0x00,0x00,
 809          
 810          /*--  ??:  .  --*/
 811          /*--  ?????????12;  ??????????:?x?=13x18   --*/
 812          /*--  ????8???,????:??x??=16x18  --*/
 813          0x00,0x00,0x00,0x00,0x00,0x00,0x00,0x00,0x00,0x00,0x00,0x00,0x00,0x00,0x00,0x00,
 814          0x00,0x00,0x00,0x00,0x00,0x00,0x00,0x00,0x00,0x00,0x30,0x00,0x00,0x00,0x00,0x00,
 815          
 816          /*--  ??:  /  --*/
 817          /*--  ?????????12;  ??????????:?x?=13x18   --*/
 818          /*--  ????8???,????:??x??=16x18  --*/
 819          0x00,0x00,0x00,0x00,0x0C,0x00,0x0C,0x00,0x18,0x00,0x18,0x00,0x18,0x00,0x30,0x00,
 820          0x30,0x00,0x30,0x00,0x60,0x00,0x60,0x00,0x40,0x00,0xC0,0x00,0x00,0x00,0x00,0x00,
 821          
 822          /*--  ??:  0  --*/
 823          /*--  ?????????12;  ??????????:?x?=13x18   --*/
 824          /*--  ????8???,????:??x??=16x18  --*/
 825          0x00,0x00,0x00,0x00,0x1E,0x00,0x3B,0x80,0x61,0x80,0x60,0x80,0xC0,0xC0,0xC0,0xC0,
 826          0xC0,0xC0,0xC0,0xC0,0xC0,0xC0,0x60,0x80,0x61,0x80,0x73,0x80,0x3F,0x00,0x00,0x00,
 827          
 828          /*--  ??:  1  --*/
 829          /*--  ?????????12;  ??????????:?x?=13x18   --*/
 830          /*--  ????8???,????:??x??=16x18  --*/
 831          0x00,0x00,0x00,0x00,0x06,0x00,0x06,0x00,0x0E,0x00,0x1E,0x00,0x36,0x00,0x06,0x00,
 832          0x06,0x00,0x06,0x00,0x06,0x00,0x06,0x00,0x06,0x00,0x06,0x00,0x00,0x00,0x00,0x00,
 833          
 834          /*--  ??:  2  --*/
 835          /*--  ?????????12;  ??????????:?x?=13x18   --*/
 836          /*--  ????8???,????:??x??=16x18  --*/
 837          0x00,0x00,0x00,0x00,0x3F,0x00,0x73,0x80,0x61,0x80,0x40,0x80,0x01,0x80,0x01,0x80,
 838          0x07,0x00,0x0E,0x00,0x18,0x00,0x30,0x00,0x60,0x00,0xFF,0x80,0x00,0x00,0x00,0x00,
 839          
 840          /*--  ??:  3  --*/
 841          /*--  ?????????12;  ??????????:?x?=13x18   --*/
 842          /*--  ????8???,????:??x??=16x18  --*/
 843          0x00,0x00,0x00,0x00,0x1E,0x00,0x73,0x80,0x61,0x80,0x41,0x80,0x01,0x80,0x03,0x80,
 844          0x1F,0x00,0x03,0x80,0x00,0xC0,0xC0,0xC0,0x60,0x80,0x61,0x80,0x3F,0x00,0x00,0x00,
 845          
 846          /*--  ??:  4  --*/
 847          /*--  ?????????12;  ??????????:?x?=13x18   --*/
 848          /*--  ????8???,????:??x??=16x18  --*/
 849          0x00,0x00,0x00,0x00,0x03,0x00,0x07,0x00,0x07,0x00,0x0D,0x00,0x1D,0x00,0x19,0x00,
 850          0x31,0x00,0x61,0x00,0x61,0x00,0xFF,0xC0,0x01,0x00,0x01,0x00,0x00,0x00,0x00,0x00,
 851          
 852          /*--  ??:  5  --*/
 853          /*--  ?????????12;  ??????????:?x?=13x18   --*/
 854          /*--  ????8???,????:??x??=16x18  --*/
 855          0x00,0x00,0x00,0x00,0x7F,0x80,0x60,0x00,0x60,0x00,0x60,0x00,0x60,0x00,0x7F,0x00,
 856          0x61,0x80,0x00,0x80,0x00,0xC0,0xC0,0x80,0x61,0x80,0x7F,0x80,0x00,0x00,0x00,0x00,
 857          
 858          /*--  ??:  6  --*/
 859          /*--  ?????????12;  ??????????:?x?=13x18   --*/
C51 COMPILER V9.53.0.0   ZIMO                                                              07/29/2016 19:21:39 PAGE 15  

 860          /*--  ????8???,????:??x??=16x18  --*/
 861          0x00,0x00,0x00,0x00,0x1F,0x00,0x3B,0x80,0x61,0x80,0x60,0x00,0x40,0x00,0xFF,0x80,
 862          0xE1,0x80,0xE0,0xC0,0xC0,0xC0,0x60,0xC0,0x60,0x80,0x7F,0x80,0x00,0x00,0x00,0x00,
 863          
 864          /*--  ??:  7  --*/
 865          /*--  ?????????12;  ??????????:?x?=13x18   --*/
 866          /*--  ????8???,????:??x??=16x18  --*/
 867          0x00,0x00,0x00,0x00,0xFF,0xC0,0x01,0x80,0x01,0x80,0x03,0x00,0x03,0x00,0x06,0x00,
 868          0x06,0x00,0x0C,0x00,0x0C,0x00,0x18,0x00,0x18,0x00,0x18,0x00,0x00,0x00,0x00,0x00,
 869          
 870          /*--  ??:  8  --*/
 871          /*--  ?????????12;  ??????????:?x?=13x18   --*/
 872          /*--  ????8???,????:??x??=16x18  --*/
 873          0x00,0x00,0x00,0x00,0x1F,0x00,0x73,0x80,0x60,0x80,0x60,0xC0,0x60,0x80,0x71,0x80,
 874          0x3F,0x00,0x71,0xC0,0xC0,0xC0,0xC0,0xC0,0x60,0xC0,0x61,0x80,0x3F,0x80,0x00,0x00,
 875          
 876          /*--  ??:  9  --*/
 877          /*--  ?????????12;  ??????????:?x?=13x18   --*/
 878          /*--  ????8???,????:??x??=16x18  --*/
 879          0x00,0x00,0x00,0x00,0x1E,0x00,0x73,0x80,0x61,0x80,0xC0,0xC0,0xC0,0xC0,0x40,0xC0,
 880          0x61,0xC0,0x73,0xC0,0x1F,0xC0,0x00,0x80,0x61,0x80,0x7F,0x80,0x00,0x00,0x00,0x00,
 881          
 882          /*--  ??:  :  --*/
 883          /*--  ?????????12;  ??????????:?x?=13x18   --*/
 884          /*--  ????8???,????:??x??=16x18  --*/
 885          0x00,0x00,0x00,0x00,0x00,0x00,0x00,0x00,0x30,0x00,0x30,0x00,0x30,0x00,
 886          0x00,0x00,0x00,0x00,0x00,0x00,0x00,0x00,0x00,0x00,0x30,0x00,0x30,0x00,0x00,0x00,0x00,0x00,
 887          
 888          /*--  ??:  ;  --*/
 889          /*--  ?????????12;  ??????????:?x?=13x18   --*/
 890          /*--  ????8???,????:??x??=16x18  --*/
 891          0x00,0x00,0x00,0x00,0x00,0x00,0x00,0x00,0x30,0x00,0x30,0x00,0x30,0x00,
 892          0x00,0x00,0x00,0x00,0x00,0x00,0x00,0x00,0x00,0x00,0x30,0x00,0x30,0x00,0x30,0x00,0x00,0x00,
 893          
 894          /*--  ??:  <  --*/
 895          /*--  ?????????12;  ??????????:?x?=13x18   --*/
 896          /*--  ????8???,????:??x??=16x18  --*/
 897          0x00,0x00,0x00,0x00,0x00,0x00,0x00,0xC0,0x03,0x80,0x07,0x00,0x1C,0x00,0x38,0x00,
 898          0xE0,0x00,0x30,0x00,0x1C,0x00,0x0E,0x00,0x03,0x80,0x01,0xC0,0x00,0x00,0x00,0x00,
 899          
 900          /*--  ??:  =  --*/
 901          /*--  ?????????12;  ??????????:?x?=13x18   --*/
 902          /*--  ????8???,????:??x??=16x18  --*/
 903          0x00,0x00,0x00,0x00,0x00,0x00,0x00,0x00,0x00,0x00,0x00,0x00,0x00,0x00,0x7F,0xC0,
 904          0x00,0x00,0x7F,0xC0,0x00,0x00,0x00,0x00,0x00,0x00,0x00,0x00,0x00,0x00,0x00,0x00,
 905          
 906          /*--  ??:  >  --*/
 907          /*--  ?????????12;  ??????????:?x?=13x18   --*/
 908          /*--  ????8???,????:??x??=16x18  --*/
 909          0x00,0x00,0x00,0x00,0x00,0x00,0x60,0x00,0x70,0x00,0x1C,0x00,0x0E,0x00,0x03,0x80,
 910          0x01,0xC0,0x01,0x80,0x07,0x00,0x0E,0x00,0x38,0x00,0x70,0x00,0x00,0x00,0x00,0x00,
 911          
 912          /*--  ??:  ?  --*/
 913          /*--  ?????????12;  ??????????:?x?=13x18   --*/
 914          /*--  ????8???,????:??x??=16x18  --*/
 915          0x00,0x00,0x00,0x00,0x1F,0x00,0x33,0x80,0x60,0xC0,0x00,0xC0,0x00,0x80,0x01,0x80,
 916          0x07,0x00,0x0E,0x00,0x0C,0x00,0x00,0x00,0x00,0x00,0x0C,0x00,0x0C,0x00,0x00,0x00,
 917          
 918          /*--  ??:  @  --*/
 919          /*--  ?????????12;  ??????????:?x?=13x18   --*/
 920          /*--  ????8???,????:??x??=16x18  --*/
 921          0x00,0x00,0x00,0x00,0x01,0xF0,0x0F,0x18,0x1C,0x00,0x38,0x00,0x33,0xF8,0x67,0x18,
C51 COMPILER V9.53.0.0   ZIMO                                                              07/29/2016 19:21:39 PAGE 16  

 922          0x66,0x18,0x64,0x18,0x64,0x18,0x64,0x18,0x66,0x38,0x67,0x78,0x33,0xC8,0x38,0x00,
 923          
 924            /*--  ??:  A  --*/
 925          /*--  ?????????12;  ??????????:?x?=13x18   --*/
 926          /*--  ????8???,????:??x??=16x18  --*/
 927          0x00,0x00,0x00,0x00,0x06,0x00,0x07,0x00,0x07,0x00,0x0D,0x80,0x0D,0x80,0x18,0xC0,
 928          0x18,0xC0,0x30,0x60,0x3F,0xE0,0x60,0x30,0x60,0x30,0xC0,0x38,0x00,0x00,0x00,0x00,
 929          
 930          /*--  ??:  B  --*/
 931          /*--  ?????????12;  ??????????:?x?=13x18   --*/
 932          /*--  ????8???,????:??x??=16x18  --*/
 933          0x00,0x00,0x00,0x00,0x7F,0x80,0x61,0xC0,0x60,0x60,0x60,0x60,0x60,0x60,0x60,0xC0,
 934          0x7F,0xC0,0x60,0xE0,0x60,0x60,0x60,0x30,0x60,0x20,0x7F,0xE0,0x00,0x00,0x00,0x00,
 935          
 936          /*--  ??:  C  --*/
 937          /*--  ?????????12;  ??????????:?x?=13x18   --*/
 938          /*--  ????8???,????:??x??=16x18  --*/
 939          0x00,0x00,0x00,0x00,0x0F,0x80,0x1C,0xE0,0x30,0x30,0x60,0x38,0x60,0x00,0x40,0x00,
 940          0x40,0x00,0x40,0x00,0x60,0x00,0x60,0x18,0x30,0x30,0x38,0x70,0x1F,0xE0,0x00,0x00,
 941          
 942          /*--  ??:  D  --*/
 943          /*--  ?????????12;  ??????????:?x?=13x18   --*/
 944          /*--  ????8???,????:??x??=16x18  --*/
 945          0x00,0x00,0x00,0x00,0x7F,0x00,0x61,0xE0,0x60,0x70,0x60,0x30,0x60,0x10,0x60,0x18,
 946          0x60,0x18,0x60,0x18,0x60,0x10,0x60,0x30,0x60,0x30,0x60,0xE0,0x3F,0xC0,0x00,0x00,
 947          
 948          /*--  ??:  E  --*/
 949          /*--  ?????????12;  ??????????:?x?=13x18   --*/
 950          /*--  ????8???,????:??x??=16x18  --*/
 951          0x00,0x00,0x00,0x00,0x7F,0xE0,0x60,0x00,0x60,0x00,0x60,0x00,0x60,0x00,0x60,0x00,
 952          0x7F,0xE0,0x60,0x00,0x60,0x00,0x60,0x00,0x60,0x00,0x7F,0xE0,0x00,0x00,0x00,0x00,
 953          
 954          /*--  ??:  F  --*/
 955          /*--  ?????????12;  ??????????:?x?=13x18   --*/
 956          /*--  ????8???,????:??x??=16x18  --*/
 957          0x00,0x00,0x00,0x00,0x7F,0xE0,0x60,0x00,0x60,0x00,0x60,0x00,0x60,0x00,0x60,0x00,
 958          0x7F,0xC0,0x60,0x00,0x60,0x00,0x60,0x00,0x60,0x00,0x60,0x00,0x00,0x00,0x00,0x00,
 959          
 960          /*--  ??:  G  --*/
 961          /*--  ?????????12;  ??????????:?x?=13x18   --*/
 962          /*--  ????8???,????:??x??=16x18  --*/
 963          0x00,0x00,0x00,0x00,0x07,0xC0,0x1C,0xF0,0x30,0x30,0x60,0x18,0x60,0x00,0x60,0x00,
 964          0x61,0xF8,0x60,0x18,0x60,0x18,0x60,0x18,0x30,0x18,0x38,0x30,0x0F,0xE0,0x00,0x00,
 965          
 966          /*--  ??:  H  --*/
 967          /*--  ?????????12;  ??????????:?x?=13x18   --*/
 968          /*--  ????8???,????:??x??=16x18  --*/
 969          0x00,0x00,0x00,0x00,0x60,0x30,0x60,0x30,0x60,0x30,0x60,0x30,0x60,0x30,0x60,0x30,
 970          0x7F,0xF0,0x60,0x30,0x60,0x30,0x60,0x30,0x60,0x30,0x60,0x30,0x00,0x00,0x00,0x00,
 971          
 972          /*--  ??:  I  --*/
 973          /*--  ?????????12;  ??????????:?x?=13x18   --*/
 974          /*--  ????8???,????:??x??=16x18  --*/
 975          0x00,0x00,0x00,0x00,0x60,0x00,0x60,0x00,0x60,0x00,0x60,0x00,0x60,0x00,0x60,0x00,
 976          0x60,0x00,0x60,0x00,0x60,0x00,0x60,0x00,0x60,0x00,0x60,0x00,0x00,0x00,0x00,0x00,
 977          
 978          /*--  ??:  J  --*/
 979          /*--  ?????????12;  ??????????:?x?=13x18   --*/
 980          /*--  ????8???,????:??x??=16x18  --*/
 981          0x00,0x00,0x00,0x00,0x03,0x00,0x03,0x00,0x03,0x00,0x03,0x00,0x03,0x00,0x03,0x00,
 982          0x03,0x00,0x03,0x00,0x03,0x00,0xC3,0x00,0xC3,0x00,0x66,0x00,0x7E,0x00,0x00,0x00,
 983          
C51 COMPILER V9.53.0.0   ZIMO                                                              07/29/2016 19:21:39 PAGE 17  

 984          /*--  ??:  K  --*/
 985          /*--  ?????????12;  ??????????:?x?=13x18   --*/
 986          /*--  ????8???,????:??x??=16x18  --*/
 987          0x00,0x00,0x00,0x00,0x60,0x30,0x60,0x60,0x60,0xC0,0x61,0x80,0x63,0x00,0x66,0x00,
 988          0x6F,0x00,0x7B,0x00,0x71,0x80,0x60,0xC0,0x60,0xE0,0x60,0x70,0x00,0x30,0x00,0x00,
 989          
 990          /*--  ??:  L  --*/
 991          /*--  ?????????12;  ??????????:?x?=13x18   --*/
 992          /*--  ????8???,????:??x??=16x18  --*/
 993          0x00,0x00,0x00,0x00,0x60,0x00,0x60,0x00,0x60,0x00,0x60,0x00,0x60,0x00,0x60,0x00,
 994          0x60,0x00,0x60,0x00,0x60,0x00,0x60,0x00,0x60,0x00,0x7F,0xC0,0x00,0x00,0x00,0x00,
 995          
 996          /*--  ??:  M  --*/
 997          /*--  ?????????12;  ??????????:?x?=13x18   --*/
 998          /*--  ????8???,????:??x??=16x18  --*/
 999          0x00,0x00,0x00,0x00,0x60,0x1C,0x70,0x1C,0x70,0x1C,0x78,0x3C,0x78,0x7C,0x6C,0x7C,
1000          0x6C,0xEC,0x66,0xEC,0x67,0xEC,0x67,0xCC,0x63,0xCC,0x63,0x8C,0x00,0x00,0x00,0x00,
1001          
1002          /*--  ??:  N  --*/
1003          /*--  ?????????12;  ??????????:?x?=13x18   --*/
1004          /*--  ????8???,????:??x??=16x18  --*/
1005          0x00,0x00,0x00,0x00,0x60,0x30,0x70,0x30,0x78,0x30,0x7C,0x30,0x6C,0x30,0x66,0x30,
1006          0x67,0x30,0x63,0x30,0x61,0xB0,0x60,0xF0,0x60,0xF0,0x60,0x70,0x00,0x00,0x00,0x00,
1007          
1008          /*--  ??:  O  --*/
1009          /*--  ?????????12;  ??????????:?x?=13x18   --*/
1010          /*--  ????8???,????:??x??=16x18  --*/
1011          0x00,0x00,0x00,0x00,0x07,0xC0,0x1F,0xF0,0x30,0xF8,0x60,0x78,0x60,0x38,0x40,0x1C,
1012          0x40,0x1C,0x60,0x1C,0x60,0x18,0x60,0x38,0x30,0x78,0x1F,0xF0,0x00,0x00,0x00,0x00,
1013          
1014          /*--  ??:  P  --*/
1015          /*--  ?????????12;  ??????????:?x?=13x18   --*/
1016          /*--  ????8???,????:??x??=16x18  --*/
1017          0x00,0x00,0x00,0x00,0x7F,0x80,0x60,0xE0,0x60,0x60,0x60,0x30,0x60,0x30,0x60,0x20,
1018          0x60,0x60,0x7F,0xC0,0x60,0x00,0x60,0x00,0x60,0x00,0x60,0x00,0x00,0x00,0x00,0x00,
1019          
1020          /*--  ??:  Q  --*/
1021          /*--  ?????????12;  ??????????:?x?=13x18   --*/
1022          /*--  ????8???,????:??x??=16x18  --*/
1023          0x00,0x00,0x00,0x00,0x07,0xC0,0x1C,0xF0,0x30,0x38,0x60,0x18,0x60,0x08,0x40,0x0C,
1024          0x40,0x0C,0x60,0x0C,0x60,0x08,0x62,0x18,0x31,0x70,0x19,0xC0,0x0F,0xFC,0x00,0x00,
1025          
1026          /*--  ??:  R  --*/
1027          /*--  ?????????12;  ??????????:?x?=13x18   --*/
1028          /*--  ????8???,????:??x??=16x18  --*/
1029          0x00,0x00,0x00,0x00,0x7F,0x80,0x60,0xE0,0x60,0x30,0x60,0x30,0x60,0x30,0x60,0x30,
1030          0x7F,0xE0,0x61,0x80,0x61,0xC0,0x60,0xE0,0x60,0x60,0x60,0x38,0x00,0x00,0x00,0x00,
1031          
1032          /*--  ??:  S  --*/
1033          /*--  ?????????12;  ??????????:?x?=13x18   --*/
1034          /*--  ????8???,????:??x??=16x18  --*/
1035          0x00,0x00,0x00,0x00,0x1F,0x80,0x39,0xC0,0x60,0x60,0x60,0x20,0x60,0x00,0x38,0x00,
1036          0x0F,0x80,0x01,0xE0,0x00,0x70,0x60,0x30,0x60,0x30,0x30,0x60,0x1F,0xC0,0x00,0x00,
1037          
1038          /*--  ??:  T  --*/
1039          /*--  ?????????12;  ??????????:?x?=13x18   --*/
1040          /*--  ????8???,????:??x??=16x18  --*/
1041          0x00,0x00,0x00,0x00,0xFF,0xE0,0x06,0x00,0x06,0x00,0x06,0x00,0x06,0x00,0x06,0x00,
1042          0x06,0x00,0x06,0x00,0x06,0x00,0x06,0x00,0x06,0x00,0x06,0x00,0x00,0x00,0x00,0x00,
1043          
1044          /*--  ??:  U  --*/
1045          /*--  ?????????12;  ??????????:?x?=13x18   --*/
C51 COMPILER V9.53.0.0   ZIMO                                                              07/29/2016 19:21:39 PAGE 18  

1046          /*--  ????8???,????:??x??=16x18  --*/
1047          0x00,0x00,0x00,0x00,0x60,0x30,0x60,0x30,0x60,0x30,0x60,0x30,0x60,0x30,0x60,0x30,
1048          0x60,0x30,0x60,0x30,0x60,0x30,0x20,0x30,0x30,0x60,0x38,0xE0,0x1F,0xC0,0x00,0x00,
1049          
1050          /*--  ??:  V  --*/
1051          /*--  ?????????12;  ??????????:?x?=13x18   --*/
1052          /*--  ????8???,????:??x??=16x18  --*/
1053          0x00,0x00,0x00,0x00,0xC0,0x30,0xC0,0x60,0xC0,0x60,0x60,0x60,0x60,0xC0,0x30,0xC0,
1054          0x31,0x80,0x19,0x80,0x1B,0x00,0x1B,0x00,0x0F,0x00,0x0E,0x00,0x00,0x00,0x00,0x00,
1055          
1056          /*--  ??:  W  --*/
1057          /*--  ?????????12;  ??????????:?x?=13x18   --*/
1058          /*--  ????8???,????:??x??=16x18  --*/
1059          0x00,0x00,0x00,0x00,0x81,0x04,0xC1,0x04,0xC3,0x84,0x43,0x8C,0x63,0x8C,0x66,0xDC,
1060          0x66,0xDC,0x36,0xD8,0x3C,0xF8,0x3C,0x78,0x1C,0x78,0x18,0x30,0x00,0x00,0x00,0x00,
1061          
1062          /*--  ??:  X  --*/
1063          /*--  ?????????12;  ??????????:?x?=13x18   --*/
1064          /*--  ????8???,????:??x??=16x18  --*/
1065          0x00,0x00,0x00,0x00,0xC0,0x60,0xE0,0xC0,0x61,0x80,0x33,0x80,0x1B,0x00,0x0E,0x00,
1066          0x0E,0x00,0x1E,0x00,0x1B,0x00,0x31,0x80,0x61,0xC0,0xC0,0xE0,0x00,0x00,0x00,0x00,
1067          
1068          /*--  ??:  Y  --*/
1069          /*--  ?????????12;  ??????????:?x?=13x18   --*/
1070          /*--  ????8???,????:??x??=16x18  --*/
1071          0x00,0x00,0x00,0x00,0xC0,0x30,0xC0,0x60,0x60,0xE0,0x30,0xC0,0x39,0x80,0x1B,0x00,
1072          0x0F,0x00,0x06,0x00,0x06,0x00,0x06,0x00,0x06,0x00,0x06,0x00,0x00,0x00,0x00,0x00,
1073          
1074          /*--  ??:  Z  --*/
1075          /*--  ?????????12;  ??????????:?x?=13x18   --*/
1076          /*--  ????8???,????:??x??=16x18  --*/
1077          0x00,0x00,0x00,0x00,0x7F,0xE0,0x00,0xC0,0x00,0xC0,0x01,0x80,0x03,0x00,0x07,0x00,
1078          0x06,0x00,0x0C,0x00,0x18,0x00,0x30,0x00,0x70,0x00,0xFF,0xE0,0x00,0x00,0x00,0x00,
1079          
1080          /*--  ??:  [  --*/
1081          /*--  ?????????12;  ??????????:?x?=13x18   --*/
1082          /*--  ????8???,????:??x??=16x18  --*/
1083          0x00,0x00,0xF8,0x00,0xC0,0x00,0xC0,0x00,0xC0,0x00,0xC0,0x00,0xC0,0x00,0xC0,0x00,
1084          0xC0,0x00,0xC0,0x00,0xC0,0x00,0xC0,0x00,0xC0,0x00,0xC0,0x00,0xC0,0x00,0xC0,0x00,
1085          
1086          /*--  ??:  \  --*/
1087          /*--  ?????????12;  ??????????:?x?=13x18   --*/
1088          /*--  ????8???,????:??x??=16x18  --*/
1089          0x00,0x00,0x00,0x00,0xC0,0x00,0xC0,0x00,0x60,0x00,0x60,0x00,0x60,0x00,0x30,0x00,
1090          0x30,0x00,0x30,0x00,0x18,0x00,0x18,0x00,0x08,0x00,0x0C,0x00,0x00,0x00,0x00,0x00,
1091          
1092          /*--  ??:  ]  --*/
1093          /*--  ?????????12;  ??????????:?x?=13x18   --*/
1094          /*--  ????8???,????:??x??=16x18  --*/
1095          0x00,0x00,0xF8,0x00,0x18,0x00,0x18,0x00,0x18,0x00,0x18,0x00,0x18,0x00,0x18,0x00,
1096          0x18,0x00,0x18,0x00,0x18,0x00,0x18,0x00,0x18,0x00,0x18,0x00,0x18,0x00,0x18,0x00,
1097          
1098          /*--  ??:  ^  --*/
1099          /*--  ?????????12;  ??????????:?x?=13x18   --*/
1100          /*--  ????8???,????:??x??=16x18  --*/
1101          0x00,0x00,0x00,0x00,0x38,0x00,0x38,0x00,0x6C,0x00,0x6C,0x00,0xC6,0x00,0xC6,0x00,
1102          0x83,0x00,0x00,0x00,0x00,0x00,0x00,0x00,0x00,0x00,0x00,0x00,0x00,0x00,0x00,0x00,
1103          
1104          /*--  ??:  _  --*/
1105          /*--  ?????????12;  ??????????:?x?=13x18   --*/
1106          /*--  ????8???,????:??x??=16x18  --*/
1107          0x00,0x00,0x00,0x00,0x00,0x00,0x00,0x00,0x00,0x00,0x00,0x00,0x00,0x00,0x00,0x00,
C51 COMPILER V9.53.0.0   ZIMO                                                              07/29/2016 19:21:39 PAGE 19  

1108          0x00,0x00,0x00,0x00,0x00,0x00,0x00,0x00,0x00,0x00,0x00,0x00,0x00,0x00,0xFF,0xE0,
1109          
1110          /*--  ??:  `  --*/
1111          /*--  ?????????12;  ??????????:?x?=13x18   --*/
1112          /*--  ????8???,????:??x??=16x18  --*/
1113          0x00,0x00,0x00,0x00,0xC0,0x00,0xE0,0x00,0x60,0x00,0x00,0x00,0x00,0x00,0x00,0x00,
1114          0x00,0x00,0x00,0x00,0x00,0x00,0x00,0x00,0x00,0x00,0x00,0x00,0x00,0x00,0x00,0x00,
1115          
1116          /*--  ??:  a  --*/
1117          /*--  ?????????12;  ??????????:?x?=11x18   --*/
1118          /*--  ????8???,????:??x??=16x18  --*/
1119          0x00,0x00,0x00,0x00,0x00,0x00,0x1E,0x00,0x7B,0x80,0x61,0x80,
1120          0x01,0x80,0x1F,0x80,0x70,0x80,0xC1,0x80,0xC1,0x80,0x63,0xC0,0x7E,0xC0,0x00,0x00,0x00,0x00,0x00,0x00,
1121          
1122          /*--  ??:  b  --*/
1123          /*--  ?????????12;  ??????????:?x?=11x18   --*/
1124          /*--  ????8???,????:??x??=16x18  --*/
1125          0x00,0x00,0x00,0x00,0x60,0x00,0x60,0x00,0x60,0x00,0x6E,0x00,0x7F,0x00,0x61,0x80,
1126          0x60,0x80,0x60,0xC0,0x60,0xC0,0x60,0xC0,0x61,0x80,0x7F,0x80,0x00,0x00,0x00,0x00,
1127          
1128          /*--  ??:  c  --*/
1129          /*--  ?????????12;  ??????????:?x?=11x18   --*/
1130          /*--  ????8???,????:??x??=16x18  --*/
1131          0x00,0x00,0x00,0x00,0x00,0x00,0x00,0x00,0x00,0x00,0x1C,0x00,0x3F,0x00,0x61,0x80,
1132          0xC0,0x00,0xC0,0x00,0xC0,0x00,0xC0,0x00,0x61,0x80,0x61,0x80,0x3F,0x00,0x00,0x00,
1133          
1134          /*--  ??:  d  --*/
1135          /*--  ?????????12;  ??????????:?x?=11x18   --*/
1136          /*--  ????8???,????:??x??=16x18  --*/
1137          0x00,0x00,0x00,0x00,0x01,0x80,0x01,0x80,0x01,0x80,0x1D,0x80,0x7F,0x80,0x61,0x80,
1138          0x41,0x80,0xC1,0x80,0xC1,0x80,0xC1,0x80,0x61,0x80,0x7F,0x80,0x00,0x00,0x00,0x00,
1139          
1140          /*--  ??:  e  --*/
1141          /*--  ?????????12;  ??????????:?x?=11x18   --*/
1142          /*--  ????8???,????:??x??=16x18  --*/
1143          0x00,0x00,0x00,0x00,0x00,0x00,0x00,0x00,0x00,0x00,0x0E,0x00,0x3F,0x80,0x61,0xC0,
1144          0x60,0xC0,0xC0,0xC0,0xFF,0xC0,0x40,0x00,0x60,0xC0,0x7F,0x80,0x00,0x00,0x00,0x00,
1145          
1146          /*--  ??:  f  --*/
1147          /*--  ?????????12;  ??????????:?x?=11x18   --*/
1148          /*--  ????8???,????:??x??=16x18  --*/
1149          0x00,0x00,0x00,0x00,0x3C,0x00,0x60,0x00,0x60,0x00,0x60,0x00,0xF8,0x00,0x60,0x00,
1150          0x60,0x00,0x60,0x00,0x60,0x00,0x60,0x00,0x60,0x00,0x60,0x00,0x00,0x00,0x00,0x00,
1151          
1152          /*--  ??:  g  --*/
1153          /*--  ?????????12;  ??????????:?x?=11x18   --*/
1154          /*--  ????8???,????:??x??=16x18  --*/
1155          0x00,0x00,0x00,0x00,0x00,0x00,0x1E,0x00,0x7F,0x80,0x61,0x80,
1156          0x41,0x80,0xC1,0x80,0xC1,0x80,0x41,0x80,0x61,0x80,0x77,0x80,0x1F,0x80,0x01,0x80,
1157          0x7F,0x80,0x00,0x00,
1158          
1159          /*--  ??:  h  --*/
1160          /*--  ?????????12;  ??????????:?x?=11x18   --*/
1161          /*--  ????8???,????:??x??=16x18  --*/
1162          0x00,0x00,0x00,0x00,0x60,0x00,0x60,0x00,0x60,0x00,0x6E,0x00,0x7B,0x80,0x71,0x80,
1163          0x61,0x80,0x61,0x80,0x61,0x80,0x61,0x80,0x61,0x80,0x61,0x80,0x00,0x00,0x00,0x00,
1164          
1165          /*--  ??:  i  --*/
1166          /*--  ?????????12;  ??????????:?x?=11x18   --*/
1167          /*--  ????8???,????:??x??=16x18  --*/
1168          0x00,0x00,0x00,0x00,0x0C,0x00,0x0C,0x00,0x00,0x00,0x0C,0x00,0x0C,0x00,0x0C,0x00,
1169          0x0C,0x00,0x0C,0x00,0x0C,0x00,0x0C,0x00,0x0C,0x00,0x0C,0x00,0x00,0x00,0x00,0x00,
C51 COMPILER V9.53.0.0   ZIMO                                                              07/29/2016 19:21:39 PAGE 20  

1170          
1171          
1172          /*--  ??:  j  --*/
1173          /*--  ?????????12;  ??????????:?x?=11x18   --*/
1174          /*--  ????8???,????:??x??=16x18  --*/
1175          0x00,0x00,0x01,0x80,0x01,0x80,0x00,0x00,0x01,0x80,0x01,0x80,0x01,0x80,0x01,0x80,
1176          0x01,0x80,0x01,0x80,0x09,0x80,0x0D,0x80,0x07,0x80,0x01,0x80,0x00,0x00,0x00,0x00,
1177          
1178          /*--  ??:  k  --*/
1179          /*--  ?????????12;  ??????????:?x?=11x18   --*/
1180          /*--  ????8???,????:??x??=16x18  --*/
1181          0x00,0x00,0x00,0x00,0x60,0x00,0x60,0x00,0x60,0x00,0x60,0x00,0x63,0x80,0x67,0x00,
1182          0x6E,0x00,0x7C,0x00,0x7E,0x00,0x66,0x00,0x63,0x00,0x61,0x80,0x00,0x00,0x00,0x00,
1183          
1184          /*--  ??:  l  --*/
1185          /*--  ?????????12;  ??????????:?x?=11x18   --*/
1186          /*--  ????8???,????:??x??=16x18  --*/
1187          0x00,0x00,0x00,0x00,0xC0,0x00,0xC0,0x00,0xC0,0x00,0xC0,0x00,0xC0,0x00,0xC0,0x00,
1188          0xC0,0x00,0xC0,0x00,0xC0,0x00,0xC0,0x00,0xC0,0x00,0xC0,0x00,0x00,0x00,0x00,0x00,
1189          
1190          /*--  ??:  m  --*/
1191          /*--  ?????????12;  ??????????:?x?=11x18   --*/
1192          /*--  ????8???,????:??x??=16x18  --*/
1193          0x00,0x00,0x00,0x00,0x00,0x00,0x00,0x00,0x6E,0x78,0x7F,0xFC,0x71,0x9C,
1194          0x61,0x8C,0x61,0x8C,0x61,0x8C,0x61,0x8C,0x61,0x8C,0x61,0x8C,0x00,0x00,0x00,0x00,0x00,0x00,
1195          
1196          /*--  ??:  n  --*/
1197          /*--  ?????????12;  ??????????:?x?=11x18   --*/
1198          /*--  ????8???,????:??x??=16x18  --*/
1199          0x00,0x00,0x00,0x00,0x00,0x00,0x00,0x00,0x6E,0x00,0x7B,0x80,0x71,0x80,
1200          0x61,0x80,0x61,0x80,0x61,0x80,0x61,0x80,0x61,0x80,0x61,0x80,0x00,0x00,0x00,0x00,0x00,0x00,
1201          
1202          /*--  ??:  o  --*/
1203          /*--  ?????????12;  ??????????:?x?=11x18   --*/
1204          /*--  ????8???,????:??x??=16x18  --*/
1205          0x00,0x00,0x00,0x00,0x00,0x00,0x00,0x00,0x0E,0x00,0x3F,0x80,0x61,0xC0,
1206          0x40,0xC0,0xC0,0xC0,0xC0,0xC0,0x40,0xC0,0x60,0xC0,0x71,0x80,0x3F,0x00,0x00,0x00,0x00,0x00,
1207          
1208          /*--  ??:  p  --*/
1209          /*--  ?????????12;  ??????????:?x?=11x18   --*/
1210          /*--  ????8???,????:??x??=16x18  --*/
1211          0x00,0x00,0x00,0x00,0x00,0x00,0x6E,0x00,0x7F,0x00,0x61,0x80,
1212          0x60,0x80,0x60,0xC0,0x60,0xC0,0x60,0x80,0x61,0x80,0x71,0x80,0x7F,0x00,0x60,0x00,
1213          0x60,0x00,0x60,0x00,
1214          
1215          /*--  ??:  q  --*/
1216          /*--  ?????????12;  ??????????:?x?=11x18   --*/
1217          /*--  ????8???,????:??x??=16x18  --*/
1218          0x00,0x00,0x00,0x00,0x00,0x00,0x1D,0x80,0x7F,0x80,0x61,0x80,
1219          0x41,0x80,0xC1,0x80,0xC1,0x80,0xC1,0x80,0x61,0x80,0x63,0x80,0x3F,0x80,0x01,0x80,
1220          0x01,0x80,0x01,0x80,
1221          
1222          /*--  ??:  r  --*/
1223          /*--  ?????????12;  ??????????:?x?=11x18   --*/
1224          /*--  ????8???,????:??x??=16x18  --*/
1225          0x00,0x00,0x00,0x00,0x00,0x00,0x00,0x00,0x00,0x00,0x7C,0x00,0x7E,0x00,0x70,0x00,
1226          0x60,0x00,0x60,0x00,0x60,0x00,0x60,0x00,0x60,0x00,0x60,0x00,0x00,0x00,0x00,0x00,
1227          
1228          /*--  ??:  s  --*/
1229          /*--  ?????????12;  ??????????:?x?=11x18   --*/
1230          /*--  ????8???,????:??x??=16x18  --*/
1231          0x00,0x00,0x00,0x00,0x00,0x00,0x00,0x00,0x00,0x00,0x1C,0x00,0x77,0x00,0x61,0x80,
C51 COMPILER V9.53.0.0   ZIMO                                                              07/29/2016 19:21:39 PAGE 21  

1232          0x60,0x00,0x78,0x00,0x1F,0x00,0x01,0x80,0xC1,0x80,0x7F,0x80,0x00,0x00,0x00,0x00,
1233          
1234          /*--  ??:  t  --*/
1235          /*--  ?????????12;  ??????????:?x?=11x18   --*/
1236          /*--  ????8???,????:??x??=16x18  --*/
1237          0x00,0x00,0x00,0x00,0x00,0x00,0x60,0x00,0x60,0x00,0x60,0x00,0xF8,0x00,0x60,0x00,
1238          0x60,0x00,0x60,0x00,0x60,0x00,0x60,0x00,0x60,0x00,0x78,0x00,0x00,0x00,0x00,0x00,
1239          
1240          /*--  ??:  u  --*/
1241          /*--  ?????????12;  ??????????:?x?=11x18   --*/
1242          /*--  ????8???,????:??x??=16x18  --*/
1243          0x00,0x00,0x00,0x00,0x00,0x00,0x00,0x00,0x00,0x00,0x60,0x80,0x60,0x80,0x60,0x80,
1244          0x60,0x80,0x60,0x80,0x60,0x80,0x61,0x80,0x61,0x80,0x63,0x80,0x3E,0x00,0x00,0x00,
1245          
1246          /*--  ??:  v  --*/
1247          /*--  ?????????12;  ??????????:?x?=11x18   --*/
1248          /*--  ????8???,????:??x??=16x18  --*/
1249          0x00,0x00,0x00,0x00,0x00,0x00,0x00,0x00,0x00,0x00,0x81,0x80,0xC1,0x80,0xC3,0x00,
1250          0x63,0x00,0x62,0x00,0x66,0x00,0x36,0x00,0x3C,0x00,0x1C,0x00,0x00,0x00,0x00,0x00,
1251          
1252          /*--  ??:  w  --*/
1253          /*--  ?????????12;  ??????????:?x?=11x18   --*/
1254          /*--  ????8???,????:??x??=16x18  --*/
1255          0x00,0x00,0x00,0x00,0x00,0x00,0x00,0x00,0x00,0x00,0x06,0x00,0xC7,0x38,0xC7,0x30,
1256          0xCF,0x70,0x6D,0x70,0x6D,0xE0,0x79,0xE0,0x38,0xE0,0x38,0xC0,0x00,0x00,0x00,0x00,
1257          
1258          /*--  ??:  x  --*/
1259          /*--  ?????????12;  ??????????:?x?=11x18   --*/
1260          /*--  ????8???,????:??x??=16x18  --*/
1261          0x00,0x00,0x00,0x00,0x00,0x00,0x00,0x00,0x00,0x00,0xC0,0x00,0xC3,0x80,0x67,0x00,
1262          0x3E,0x00,0x1C,0x00,0x1C,0x00,0x3E,0x00,0x67,0x00,0xC3,0x80,0x00,0x00,0x00,0x00,
1263          
1264          /*--  ??:  y  --*/
1265          /*--  ?????????12;  ??????????:?x?=11x18   --*/
1266          /*--  ????8???,????:??x??=16x18  --*/
1267          0x00,0x00,0x00,0x00,0x00,0x00,0x81,0x80,0xC1,0x80,0xC3,0x00,
1268          0x63,0x00,0x66,0x00,0x66,0x00,0x36,0x00,0x3C,0x00,0x1C,0x00,0x18,0x00,0x18,0x00,
1269          0xF0,0x00,0x00,0x00,
1270          
1271          /*--  ??:  z  --*/
1272          /*--  ?????????12;  ??????????:?x?=11x18   --*/
1273          /*--  ????8???,????:??x??=16x18  --*/
1274          0x00,0x00,0x00,0x00,0x00,0x00,0x00,0x00,0x00,0x00,0x7F,0x80,0x01,0x80,0x03,0x00,
1275          0x07,0x00,0x0E,0x00,0x1C,0x00,0x38,0x00,0x30,0x00,0xFF,0x80,0x00,0x00,0x00,0x00,
1276          
1277          /*--  ??:  {  --*/
1278          /*--  ?????????12;  ??????????:?x?=11x18   --*/
1279          /*--  ????8???,????:??x??=16x18  --*/
1280          0x00,0x00,0x00,0x00,0x1C,0x00,0x30,0x00,0x30,0x00,0x30,0x00,0x30,0x00,0x30,0x00,
1281          0x30,0x00,0x30,0x00,0xF0,0x00,0x30,0x00,0x30,0x00,0x30,0x00,0x30,0x00,0x30,0x00,
1282          
1283          /*--  ??:  |  --*/
1284          /*--  ?????????12;  ??????????:?x?=11x18   --*/
1285          /*--  ????8???,????:??x??=16x18  --*/
1286          0x00,0x00,0x00,0x00,0x60,0x00,0x60,0x00,0x60,0x00,0x60,0x00,0x60,0x00,0x60,0x00,
1287          0x60,0x00,0x60,0x00,0x60,0x00,0x60,0x00,0x60,0x00,0x60,0x00,0x60,0x00,0x60,0x00,
1288          
1289          /*--  ??:  }  --*/
1290          /*--  ?????????12;  ??????????:?x?=11x18   --*/
1291          /*--  ????8???,????:??x??=16x18  --*/
1292          0x00,0x00,0x00,0x00,0xF0,0x00,0x10,0x00,0x18,0x00,0x18,0x00,0x18,0x00,0x18,0x00,
1293          0x18,0x00,0x18,0x00,0x1C,0x00,0x18,0x00,0x18,0x00,0x18,0x00,0x18,0x00,0x18,0x00,
C51 COMPILER V9.53.0.0   ZIMO                                                              07/29/2016 19:21:39 PAGE 22  

1294          
1295          
1296          /*--  ??:  ~  --*/
1297          /*--  ?????????12;  ??????????:?x?=11x18   --*/
1298          /*--  ????8???,????:??x??=16x18  --*/
1299          0x00,0x00,0x00,0x00,0x00,0x00,0x00,0x00,0x00,0x00,0x00,0x00,0x00,0x00,0x00,0x00,
1300          0x7E,0x60,0x67,0xC0,0x00,0x00,0x00,0x00,0x00,0x00,0x00,0x00,0x00,0x00,0x00,0x00,
1301          
1302          };


MODULE INFORMATION:   STATIC OVERLAYABLE
   CODE SIZE        =   ----    ----
   CONSTANT SIZE    =   7488    ----
   XDATA SIZE       =   ----    ----
   PDATA SIZE       =   ----    ----
   DATA SIZE        =   ----    ----
   IDATA SIZE       =   ----    ----
   BIT SIZE         =   ----    ----
END OF MODULE INFORMATION.


C51 COMPILATION COMPLETE.  0 WARNING(S),  0 ERROR(S)
